Sep  2 06:12:01 arne-vandebemdt kernel: [8164241.102043] audit: type=1400 audit(1567397521.885:4226445): apparmor="DENIED" operation="mount" info="failed flags match" error=-13 profile="lxc-2308_</var/lib/lxc>" name="/" pid=50730 comm="(pachectl)" flags="rw, rslave"
Sep  2 06:39:08 arne-vandebemdt kernel: [8165867.413669] audit: type=1400 audit(1567399148.207:4226451): apparmor="DENIED" operation="mount" info="failed flags match" error=-13 profile="lxc-2314_</var/lib/lxc>" name="/" pid=36927 comm="(ionclean)" flags="rw, rslave"
Sep  2 06:39:21 arne-vandebemdt kernel: [8165880.947816] audit: type=1400 audit(1567399161.743:4226452): apparmor="DENIED" operation="mount" info="failed flags match" error=-13 profile="lxc-2247_</var/lib/lxc>" name="/" pid=37398 comm="(ionclean)" flags="rw, rslave"
Sep  2 07:09:21 arne-vandebemdt kernel: [8167680.937744] audit: type=1400 audit(1567400961.743:4226470): apparmor="DENIED" operation="mount" info="failed flags match" error=-13 profile="lxc-1602_</var/lib/lxc>" name="/" pid=34234 comm="(ionclean)" flags="rw, rslave"
Sep  2 07:57:21 arne-vandebemdt kernel: [8170560.751167] device veth2253i0 entered promiscuous mode
Sep  2 08:39:21 arne-vandebemdt kernel: [8173080.920073] audit: type=1400 audit(1567406361.759:4226537): apparmor="DENIED" operation="mount" info="failed flags match" error=-13 profile="lxc-2247_</var/lib/lxc>" name="/" pid=25440 comm="(ionclean)" flags="rw, rslave"
Sep  2 08:39:21 arne-vandebemdt kernel: [8173080.921507] audit: type=1400 audit(1567406361.759:4226543): apparmor="DENIED" operation="mount" info="failed flags match" error=-13 profile="lxc-2238_</var/lib/lxc>" name="/" pid=25435 comm="(ionclean)" flags="rw, rslave"
Sep  2 11:39:03 arne-vandebemdt kernel: [8183862.588224] audit: type=1400 audit(1567417143.491:4226645): apparmor="DENIED" operation="mount" info="failed flags match" error=-13 profile="lxc-2290_</var/lib/lxc>" name="/" pid=31276 comm="(ionclean)" flags="rw, rslave"
Sep  2 11:39:04 arne-vandebemdt kernel: [8183863.367695] audit: type=1400 audit(1567417144.271:4226646): apparmor="DENIED" operation="mount" info="failed flags match" error=-13 profile="lxc-2264_</var/lib/lxc>" name="/" pid=31321 comm="(ionclean)" flags="rw, rslave"
Sep  2 11:39:09 arne-vandebemdt kernel: [8183869.062007] audit: type=1400 audit(1567417149.967:4226647): apparmor="DENIED" operation="mount" info="failed flags match" error=-13 profile="lxc-2314_</var/lib/lxc>" name="/" pid=31406 comm="(ionclean)" flags="rw, rslave"
Sep  2 11:39:21 arne-vandebemdt kernel: [8183880.838473] audit: type=1400 audit(1567417161.743:4226648): apparmor="DENIED" operation="mount" info="failed flags match" error=-13 profile="lxc-2313_</var/lib/lxc>" name="/" pid=31902 comm="(ionclean)" flags="rw, rslave"
Sep  2 12:39:21 arne-vandebemdt kernel: [8187480.826828] audit: type=1400 audit(1567420761.752:4226689): apparmor="DENIED" operation="mount" info="failed flags match" error=-13 profile="lxc-2267_</var/lib/lxc>" name="/" pid=14062 comm="(ionclean)" flags="rw, rslave"
Sep  2 13:39:21 arne-vandebemdt kernel: [8191080.799563] audit: type=1400 audit(1567424361.746:4226719): apparmor="DENIED" operation="mount" info="failed flags match" error=-13 profile="lxc-2312_</var/lib/lxc>" name="/" pid=52092 comm="(ionclean)" flags="rw, rslave"
Sep  2 14:39:21 arne-vandebemdt kernel: [8194680.780059] audit: type=1400 audit(1567427961.747:4226754): apparmor="DENIED" operation="mount" info="failed flags match" error=-13 profile="lxc-2324_</var/lib/lxc>" name="/" pid=35330 comm="(ionclean)" flags="rw, rslave"
Sep  2 14:39:21 arne-vandebemdt kernel: [8194680.784380] audit: type=1400 audit(1567427961.751:4226758): apparmor="DENIED" operation="mount" info="failed flags match" error=-13 profile="lxc-2322_</var/lib/lxc>" name="/" pid=35332 comm="(ionclean)" flags="rw, rslave"
Sep  2 14:57:00 arne-vandebemdt kernel: [8195739.266479] audit: type=1400 audit(1567429020.237:4226805): apparmor="DENIED" operation="mount" info="failed flags match" error=-13 profile="lxc-2313_</var/lib/lxc>" name="/" pid=44975 comm="(s_server)" flags="rw, rslave"
Sep  2 14:57:01 arne-vandebemdt kernel: [8195740.516751] audit: type=1400 audit(1567429021.489:4226806): apparmor="DENIED" operation="mount" info="failed flags match" error=-13 profile="lxc-2313_</var/lib/lxc>" name="/" pid=45009 comm="(s_server)" flags="rw, rslave"
Sep  2 14:57:07 arne-vandebemdt kernel: [8195746.766897] audit: type=1400 audit(1567429027.737:4226811): apparmor="DENIED" operation="mount" info="failed flags match" error=-13 profile="lxc-2313_</var/lib/lxc>" name="/" pid=45435 comm="(s_server)" flags="rw, rslave"
Sep  2 14:57:08 arne-vandebemdt kernel: [8195748.017179] audit: type=1400 audit(1567429028.989:4226812): apparmor="DENIED" operation="mount" info="failed flags match" error=-13 profile="lxc-2313_</var/lib/lxc>" name="/" pid=45445 comm="(s_server)" flags="rw, rslave"
Sep  2 14:57:10 arne-vandebemdt kernel: [8195749.266374] audit: type=1400 audit(1567429030.237:4226813): apparmor="DENIED" operation="mount" info="failed flags match" error=-13 profile="lxc-2313_</var/lib/lxc>" name="/" pid=45450 comm="(s_server)" flags="rw, rslave"
Sep  2 14:57:31 arne-vandebemdt kernel: [8195770.266403] audit: type=1400 audit(1567429051.237:4226830): apparmor="DENIED" operation="mount" info="failed flags match" error=-13 profile="lxc-2313_</var/lib/lxc>" name="/" pid=46362 comm="(s_server)" flags="rw, rslave"
Sep  2 14:57:59 arne-vandebemdt kernel: [8195799.016309] audit: type=1400 audit(1567429079.989:4226853): apparmor="DENIED" operation="mount" info="failed flags match" error=-13 profile="lxc-2313_</var/lib/lxc>" name="/" pid=47827 comm="(s_server)" flags="rw, rslave"
Sep  2 14:58:52 arne-vandebemdt kernel: [8195851.539343] audit: type=1400 audit(1567429132.510:4226896): apparmor="DENIED" operation="mount" info="failed flags match" error=-13 profile="lxc-2313_</var/lib/lxc>" name="/" pid=50105 comm="(s_server)" flags="rw, rslave"
Sep  2 15:51:35 arne-vandebemdt kernel: [8199014.541487] audit: type=1400 audit(1567432295.536:4226980): apparmor="DENIED" operation="mount" info="failed flags match" error=-13 profile="lxc-2313_</var/lib/lxc>" name="/" pid=42044 comm="(s_server)" flags="rw, rslave"
Sep  2 16:02:11 arne-vandebemdt kernel: [8199650.297122] audit: type=1400 audit(1567432931.292:4226981): apparmor="DENIED" operation="mount" info="failed flags match" error=-13 profile="lxc-2313_</var/lib/lxc>" name="/" pid=27975 comm="(pachectl)" flags="rw, rslave"
Sep  2 16:02:17 arne-vandebemdt kernel: [8199656.246461] vmbr0v724: port 4(veth2313i0) entered disabled state
Sep  2 16:09:21 arne-vandebemdt kernel: [8200080.746954] audit: type=1400 audit(1567433361.748:4227001): apparmor="DENIED" operation="mount" info="failed flags match" error=-13 profile="lxc-2238_</var/lib/lxc>" name="/" pid=9284 comm="(ionclean)" flags="rw, rslave"
Sep  2 17:09:01 arne-vandebemdt kernel: [8203660.885456] audit: type=1400 audit(1567436941.909:4227046): apparmor="DENIED" operation="mount" info="failed flags match" error=-13 profile="lxc-2314_</var/lib/lxc>" name="/" pid=21316 comm="(ionclean)" flags="rw, rslave"
Sep  2 17:19:49 arne-vandebemdt kernel: [8204308.341959] EXT4-fs (loop16): initial error at time 1558369926: ext4_journal_check_start:60
Sep  2 17:19:49 arne-vandebemdt kernel: [8204308.345914] EXT4-fs (loop7): last error at time 1558369099: kmmpd:177
Sep  2 17:39:02 arne-vandebemdt kernel: [8205461.045334] audit: type=1400 audit(1567438742.075:4227072): apparmor="DENIED" operation="mount" info="failed flags match" error=-13 profile="lxc-2314_</var/lib/lxc>" name="/" pid=17587 comm="(ionclean)" flags="rw, rslave"
Sep  2 17:39:03 arne-vandebemdt kernel: [8205462.212831] audit: type=1400 audit(1567438743.243:4227073): apparmor="DENIED" operation="mount" info="failed flags match" error=-13 profile="lxc-2290_</var/lib/lxc>" name="/" pid=17858 comm="(ionclean)" flags="rw, rslave"
Sep  2 17:39:06 arne-vandebemdt kernel: [8205465.320839] audit: type=1400 audit(1567438746.351:4227074): apparmor="DENIED" operation="mount" info="failed flags match" error=-13 profile="lxc-2264_</var/lib/lxc>" name="/" pid=18117 comm="(ionclean)" flags="rw, rslave"
Sep  2 18:38:39 arne-vandebemdt kernel: [8209038.568067] vmbr0v724: port 5(veth2253i0) entered forwarding state
Sep  2 18:39:21 arne-vandebemdt kernel: [8209080.696614] audit: type=1400 audit(1567442361.745:4227126): apparmor="DENIED" operation="mount" info="failed flags match" error=-13 profile="lxc-2287_</var/lib/lxc>" name="/" pid=2191 comm="(ionclean)" flags="rw, rslave"
Sep  2 18:39:21 arne-vandebemdt kernel: [8209080.702213] audit: type=1400 audit(1567442361.753:4227130): apparmor="DENIED" operation="mount" info="failed flags match" error=-13 profile="lxc-2324_</var/lib/lxc>" name="/" pid=2193 comm="(ionclean)" flags="rw, rslave"
Sep  2 18:54:24 arne-vandebemdt kernel: [8209983.411058] vmbr0v724: port 5(veth2253i0) entered disabled state
Sep  2 19:39:37 arne-vandebemdt kernel: [8212696.900020] EXT4-fs (loop0): initial error at time 1558369098: kmmpd:177
Sep  2 20:39:21 arne-vandebemdt kernel: [8216280.670315] audit: type=1400 audit(1567449561.761:4227230): apparmor="DENIED" operation="mount" info="failed flags match" error=-13 profile="lxc-2267_</var/lib/lxc>" name="/" pid=24766 comm="(ionclean)" flags="rw, rslave"
Sep  2 20:39:21 arne-vandebemdt kernel: [8216280.673598] audit: type=1400 audit(1567449561.765:4227232): apparmor="DENIED" operation="mount" info="failed flags match" error=-13 profile="lxc-2322_</var/lib/lxc>" name="/" pid=24762 comm="(ionclean)" flags="rw, rslave"
Sep  2 20:39:21 arne-vandebemdt kernel: [8216280.675400] audit: type=1400 audit(1567449561.769:4227233): apparmor="DENIED" operation="mount" info="failed flags match" error=-13 profile="lxc-2308_</var/lib/lxc>" name="/" pid=24769 comm="(ionclean)" flags="rw, rslave"
Sep  2 20:39:38 arne-vandebemdt kernel: [8216297.437658] kauditd_printk_skb: 2 callbacks suppressed
Sep  2 21:09:07 arne-vandebemdt kernel: [8218066.511283] audit: type=1400 audit(1567451347.615:4227241): apparmor="DENIED" operation="mount" info="failed flags match" error=-13 profile="lxc-2264_</var/lib/lxc>" name="/" pid=14492 comm="(ionclean)" flags="rw, rslave"
Sep  2 21:09:21 arne-vandebemdt kernel: [8218080.636386] audit: type=1400 audit(1567451361.740:4227242): apparmor="DENIED" operation="mount" info="failed flags match" error=-13 profile="lxc-2313_</var/lib/lxc>" name="/" pid=15022 comm="(ionclean)" flags="rw, rslave"
Sep  2 21:09:21 arne-vandebemdt kernel: [8218080.643629] audit: type=1400 audit(1567451361.748:4227247): apparmor="DENIED" operation="mount" info="failed flags match" error=-13 profile="lxc-2285_</var/lib/lxc>" name="/" pid=15024 comm="(ionclean)" flags="rw, rslave"
Sep  2 21:39:01 arne-vandebemdt kernel: [8219859.997364] audit: type=1400 audit(1567453141.109:4227254): apparmor="DENIED" operation="mount" info="failed flags match" error=-13 profile="lxc-2300_</var/lib/lxc>" name="/" pid=5264 comm="(ionclean)" flags="rw, rslave"
Sep  2 22:09:01 arne-vandebemdt kernel: [8221660.621253] audit: type=1400 audit(1567454941.748:4227270): apparmor="DENIED" operation="mount" info="failed flags match" error=-13 profile="lxc-2300_</var/lib/lxc>" name="/" pid=54620 comm="(ionclean)" flags="rw, rslave"
Sep  2 22:39:21 arne-vandebemdt kernel: [8223480.610186] audit: type=1400 audit(1567456761.748:4227294): apparmor="DENIED" operation="mount" info="failed flags match" error=-13 profile="lxc-2313_</var/lib/lxc>" name="/" pid=45334 comm="(ionclean)" flags="rw, rslave"
Sep  2 23:39:21 arne-vandebemdt kernel: [8227080.584627] audit: type=1400 audit(1567460361.741:4227339): apparmor="DENIED" operation="mount" info="failed flags match" error=-13 profile="lxc-2247_</var/lib/lxc>" name="/" pid=40764 comm="(ionclean)" flags="rw, rslave"
Sep  3 00:09:21 arne-vandebemdt kernel: [8228880.577602] audit: type=1400 audit(1567462161.748:4227359): apparmor="DENIED" operation="mount" info="failed flags match" error=-13 profile="lxc-2313_</var/lib/lxc>" name="/" pid=42766 comm="(ionclean)" flags="rw, rslave"
Sep  3 04:09:21 arne-vandebemdt kernel: [8243280.490291] audit: type=1400 audit(1567476561.745:4227493): apparmor="DENIED" operation="mount" info="failed flags match" error=-13 profile="lxc-2247_</var/lib/lxc>" name="/" pid=41216 comm="(ionclean)" flags="rw, rslave"
Sep  3 05:09:21 arne-vandebemdt kernel: [8246880.469841] audit: type=1400 audit(1567480161.747:4227526): apparmor="DENIED" operation="mount" info="failed flags match" error=-13 profile="lxc-2313_</var/lib/lxc>" name="/" pid=23693 comm="(ionclean)" flags="rw, rslave"
Sep  3 05:09:21 arne-vandebemdt kernel: [8246880.474018] audit: type=1400 audit(1567480161.751:4227529): apparmor="DENIED" operation="mount" info="failed flags match" error=-13 profile="lxc-2267_</var/lib/lxc>" name="/" pid=23701 comm="(ionclean)" flags="rw, rslave"
Sep  3 05:09:21 arne-vandebemdt kernel: [8246880.478670] audit: type=1400 audit(1567480161.755:4227532): apparmor="DENIED" operation="mount" info="failed flags match" error=-13 profile="lxc-2324_</var/lib/lxc>" name="/" pid=23698 comm="(ionclean)" flags="rw, rslave"
Sep  3 05:39:00 arne-vandebemdt kernel: [8248659.324299] kauditd_printk_skb: 2 callbacks suppressed
Sep  3 05:39:01 arne-vandebemdt kernel: [8248660.148725] audit: type=1400 audit(1567481941.434:4227536): apparmor="DENIED" operation="mount" info="failed flags match" error=-13 profile="lxc-2300_</var/lib/lxc>" name="/" pid=12156 comm="(ionclean)" flags="rw, rslave"
Sep  3 05:39:03 arne-vandebemdt kernel: [8248661.954466] audit: type=1400 audit(1567481943.242:4227537): apparmor="DENIED" operation="mount" info="failed flags match" error=-13 profile="lxc-2290_</var/lib/lxc>" name="/" pid=12589 comm="(ionclean)" flags="rw, rslave"
Sep  3 05:39:06 arne-vandebemdt kernel: [8248665.051592] audit: type=1400 audit(1567481946.338:4227538): apparmor="DENIED" operation="mount" info="failed flags match" error=-13 profile="lxc-2314_</var/lib/lxc>" name="/" pid=12689 comm="(ionclean)" flags="rw, rslave"
Sep  3 05:39:21 arne-vandebemdt kernel: [8248680.459268] audit: type=1400 audit(1567481961.746:4227543): apparmor="DENIED" operation="mount" info="failed flags match" error=-13 profile="lxc-2312_</var/lib/lxc>" name="/" pid=13182 comm="(ionclean)" flags="rw, rslave"
Sep  3 05:39:21 arne-vandebemdt kernel: [8248680.460554] audit: type=1400 audit(1567481961.746:4227544): apparmor="DENIED" operation="mount" info="failed flags match" error=-13 profile="lxc-2322_</var/lib/lxc>" name="/" pid=13183 comm="(ionclean)" flags="rw, rslave"
Sep  3 07:09:01 arne-vandebemdt kernel: [8254060.547324] audit: type=1400 audit(1567487341.866:4227593): apparmor="DENIED" operation="mount" info="failed flags match" error=-13 profile="lxc-2300_</var/lib/lxc>" name="/" pid=50096 comm="(ionclean)" flags="rw, rslave"
Sep  3 07:09:03 arne-vandebemdt kernel: [8254062.265507] audit: type=1400 audit(1567487343.582:4227594): apparmor="DENIED" operation="mount" info="failed flags match" error=-13 profile="lxc-2290_</var/lib/lxc>" name="/" pid=50642 comm="(ionclean)" flags="rw, rslave"
Sep  3 07:09:06 arne-vandebemdt kernel: [8254065.558212] audit: type=1400 audit(1567487346.878:4227595): apparmor="DENIED" operation="mount" info="failed flags match" error=-13 profile="lxc-2314_</var/lib/lxc>" name="/" pid=50819 comm="(ionclean)" flags="rw, rslave"
Sep  3 07:09:21 arne-vandebemdt kernel: [8254080.426613] audit: type=1400 audit(1567487361.747:4227599): apparmor="DENIED" operation="mount" info="failed flags match" error=-13 profile="lxc-2312_</var/lib/lxc>" name="/" pid=51284 comm="(ionclean)" flags="rw, rslave"
Sep  3 07:09:21 arne-vandebemdt kernel: [8254080.433846] audit: type=1400 audit(1567487361.751:4227603): apparmor="DENIED" operation="mount" info="failed flags match" error=-13 profile="lxc-2308_</var/lib/lxc>" name="/" pid=51289 comm="(ionclean)" flags="rw, rslave"
Sep  3 07:09:21 arne-vandebemdt kernel: [8254080.436344] audit: type=1400 audit(1567487361.755:4227605): apparmor="DENIED" operation="mount" info="failed flags match" error=-13 profile="lxc-2324_</var/lib/lxc>" name="/" pid=51287 comm="(ionclean)" flags="rw, rslave"
Sep  3 07:18:41 arne-vandebemdt kernel: [8254639.690665] EXT4-fs (loop13): error count since last fsck: 1
Sep  3 07:39:01 arne-vandebemdt kernel: [8255860.002456] kauditd_printk_skb: 2 callbacks suppressed
Sep  3 08:39:21 arne-vandebemdt kernel: [8259480.395539] audit: type=1400 audit(1567492761.748:4227653): apparmor="DENIED" operation="mount" info="failed flags match" error=-13 profile="lxc-2313_</var/lib/lxc>" name="/" pid=36477 comm="(ionclean)" flags="rw, rslave"
Sep  3 08:39:21 arne-vandebemdt kernel: [8259480.398311] audit: type=1400 audit(1567492761.752:4227654): apparmor="DENIED" operation="mount" info="failed flags match" error=-13 profile="lxc-2232_</var/lib/lxc>" name="/" pid=36487 comm="(ionclean)" flags="rw, rslave"
Sep  3 09:39:21 arne-vandebemdt kernel: [8263080.369197] audit: type=1400 audit(1567496361.742:4227685): apparmor="DENIED" operation="mount" info="failed flags match" error=-13 profile="lxc-1602_</var/lib/lxc>" name="/" pid=18046 comm="(ionclean)" flags="rw, rslave"
Sep  3 10:09:21 arne-vandebemdt kernel: [8264880.363030] audit: type=1400 audit(1567498161.749:4227704): apparmor="DENIED" operation="mount" info="failed flags match" error=-13 profile="lxc-2312_</var/lib/lxc>" name="/" pid=6714 comm="(ionclean)" flags="rw, rslave"
Sep  3 10:09:21 arne-vandebemdt kernel: [8264880.368161] audit: type=1400 audit(1567498161.753:4227708): apparmor="DENIED" operation="mount" info="failed flags match" error=-13 profile="lxc-2285_</var/lib/lxc>" name="/" pid=6711 comm="(ionclean)" flags="rw, rslave"
Sep  3 10:39:21 arne-vandebemdt kernel: [8266680.352489] audit: type=1400 audit(1567499961.748:4227721): apparmor="DENIED" operation="mount" info="failed flags match" error=-13 profile="lxc-2238_</var/lib/lxc>" name="/" pid=55422 comm="(ionclean)" flags="rw, rslave"
Sep  3 10:39:21 arne-vandebemdt kernel: [8266680.356914] audit: type=1400 audit(1567499961.752:4227723): apparmor="DENIED" operation="mount" info="failed flags match" error=-13 profile="lxc-2247_</var/lib/lxc>" name="/" pid=55430 comm="(ionclean)" flags="rw, rslave"
Sep  3 12:09:01 arne-vandebemdt kernel: [8272059.856695] audit: type=1400 audit(1567505341.284:4227762): apparmor="DENIED" operation="mount" info="failed flags match" error=-13 profile="lxc-2300_</var/lib/lxc>" name="/" pid=28475 comm="(ionclean)" flags="rw, rslave"
Sep  3 12:39:21 arne-vandebemdt kernel: [8273880.307121] audit: type=1400 audit(1567507161.743:4227784): apparmor="DENIED" operation="mount" info="failed flags match" error=-13 profile="lxc-2313_</var/lib/lxc>" name="/" pid=18950 comm="(ionclean)" flags="rw, rslave"
Sep  3 14:09:21 arne-vandebemdt kernel: [8279280.272947] audit: type=1400 audit(1567512561.739:4227834): apparmor="DENIED" operation="mount" info="failed flags match" error=-13 profile="lxc-2313_</var/lib/lxc>" name="/" pid=51670 comm="(ionclean)" flags="rw, rslave"
