Sep  2 06:15:01 arne-vandebemdt postfix/pickup[51833]: 227A680B05: uid=0 from=<root>
Sep  2 06:15:01 arne-vandebemdt postfix/cleanup[53056]: 227A680B05: message-id=<20190902041501.227A680B05@arne-vandebemdt.localdomain>
Sep  2 06:15:01 arne-vandebemdt postfix/qmgr[555]: 227A680B05: from=<root@arne-vandebemdt.localdomain>, size=694, nrcpt=1 (queue active)
Sep  2 06:15:01 arne-vandebemdt postfix/local[53094]: 227A680B05: to=<root@arne-vandebemdt.localdomain>, orig_to=<root>, relay=local, delay=0.06, delays=0.04/0.02/0/0.01, dsn=2.0.0, status=sent (delivered to mailbox)
Sep  2 06:15:01 arne-vandebemdt postfix/qmgr[555]: 227A680B05: removed
Sep  2 06:30:01 arne-vandebemdt postfix/pickup[51833]: DC1A480B05: uid=0 from=<root>
Sep  2 06:30:01 arne-vandebemdt postfix/cleanup[53975]: DC1A480B05: message-id=<20190902043001.DC1A480B05@arne-vandebemdt.localdomain>
Sep  2 06:30:01 arne-vandebemdt postfix/qmgr[555]: DC1A480B05: from=<root@arne-vandebemdt.localdomain>, size=694, nrcpt=1 (queue active)
Sep  2 06:30:01 arne-vandebemdt postfix/local[53992]: DC1A480B05: to=<root@arne-vandebemdt.localdomain>, orig_to=<root>, relay=local, delay=0.09, delays=0.06/0.02/0/0, dsn=2.0.0, status=sent (delivered to mailbox)
Sep  2 06:30:01 arne-vandebemdt postfix/qmgr[555]: DC1A480B05: removed
Sep  2 06:45:01 arne-vandebemdt postfix/pickup[51833]: A936480B05: uid=0 from=<root>
Sep  2 06:45:01 arne-vandebemdt postfix/cleanup[54999]: A936480B05: message-id=<20190902044501.A936480B05@arne-vandebemdt.localdomain>
Sep  2 06:45:01 arne-vandebemdt postfix/qmgr[555]: A936480B05: from=<root@arne-vandebemdt.localdomain>, size=694, nrcpt=1 (queue active)
Sep  2 06:45:01 arne-vandebemdt postfix/local[55033]: A936480B05: to=<root@arne-vandebemdt.localdomain>, orig_to=<root>, relay=local, delay=0.07, delays=0.05/0.02/0/0, dsn=2.0.0, status=sent (delivered to mailbox)
Sep  2 06:45:01 arne-vandebemdt postfix/qmgr[555]: A936480B05: removed
Sep  2 07:00:01 arne-vandebemdt postfix/pickup[51833]: 9090180B05: uid=0 from=<root>
Sep  2 07:00:01 arne-vandebemdt postfix/cleanup[55927]: 9090180B05: message-id=<20190902050001.9090180B05@arne-vandebemdt.localdomain>
Sep  2 07:00:01 arne-vandebemdt postfix/qmgr[555]: 9090180B05: from=<root@arne-vandebemdt.localdomain>, size=694, nrcpt=1 (queue active)
Sep  2 07:00:01 arne-vandebemdt postfix/local[55944]: 9090180B05: to=<root@arne-vandebemdt.localdomain>, orig_to=<root>, relay=local, delay=0.1, delays=0.07/0.02/0/0, dsn=2.0.0, status=sent (delivered to mailbox)
Sep  2 07:00:01 arne-vandebemdt postfix/qmgr[555]: 9090180B05: removed
Sep  2 07:15:01 arne-vandebemdt postfix/pickup[51833]: E9AD180B05: uid=0 from=<root>
Sep  2 07:15:01 arne-vandebemdt postfix/cleanup[56979]: E9AD180B05: message-id=<20190902051501.E9AD180B05@arne-vandebemdt.localdomain>
Sep  2 07:15:01 arne-vandebemdt postfix/qmgr[555]: E9AD180B05: from=<root@arne-vandebemdt.localdomain>, size=694, nrcpt=1 (queue active)
Sep  2 07:15:02 arne-vandebemdt postfix/local[57010]: E9AD180B05: to=<root@arne-vandebemdt.localdomain>, orig_to=<root>, relay=local, delay=0.1, delays=0.07/0.03/0/0, dsn=2.0.0, status=sent (delivered to mailbox)
Sep  2 07:15:02 arne-vandebemdt postfix/qmgr[555]: E9AD180B05: removed
Sep  2 07:30:01 arne-vandebemdt postfix/pickup[891]: C147780B05: uid=0 from=<root>
Sep  2 07:30:01 arne-vandebemdt postfix/cleanup[912]: C147780B05: message-id=<20190902053001.C147780B05@arne-vandebemdt.localdomain>
Sep  2 07:30:01 arne-vandebemdt postfix/qmgr[555]: C147780B05: from=<root@arne-vandebemdt.localdomain>, size=694, nrcpt=1 (queue active)
Sep  2 07:30:01 arne-vandebemdt postfix/local[935]: C147780B05: to=<root@arne-vandebemdt.localdomain>, orig_to=<root>, relay=local, delay=0.09, delays=0.06/0.02/0/0, dsn=2.0.0, status=sent (delivered to mailbox)
Sep  2 07:30:01 arne-vandebemdt postfix/qmgr[555]: C147780B05: removed
Sep  2 07:45:01 arne-vandebemdt postfix/pickup[891]: B21DB80B05: uid=0 from=<root>
Sep  2 07:45:01 arne-vandebemdt postfix/cleanup[1882]: B21DB80B05: message-id=<20190902054501.B21DB80B05@arne-vandebemdt.localdomain>
Sep  2 07:45:01 arne-vandebemdt postfix/qmgr[555]: B21DB80B05: from=<root@arne-vandebemdt.localdomain>, size=694, nrcpt=1 (queue active)
Sep  2 07:45:01 arne-vandebemdt postfix/local[1906]: B21DB80B05: to=<root@arne-vandebemdt.localdomain>, orig_to=<root>, relay=local, delay=0.09, delays=0.06/0.03/0/0, dsn=2.0.0, status=sent (delivered to mailbox)
Sep  2 07:45:01 arne-vandebemdt postfix/qmgr[555]: B21DB80B05: removed
Sep  2 08:00:01 arne-vandebemdt postfix/pickup[891]: B0EF780B05: uid=0 from=<root>
Sep  2 08:00:01 arne-vandebemdt postfix/cleanup[2823]: B0EF780B05: message-id=<20190902060001.B0EF780B05@arne-vandebemdt.localdomain>
Sep  2 08:00:01 arne-vandebemdt postfix/qmgr[555]: B0EF780B05: from=<root@arne-vandebemdt.localdomain>, size=694, nrcpt=1 (queue active)
Sep  2 08:00:01 arne-vandebemdt postfix/local[2847]: B0EF780B05: to=<root@arne-vandebemdt.localdomain>, orig_to=<root>, relay=local, delay=0.11, delays=0.08/0.03/0/0, dsn=2.0.0, status=sent (delivered to mailbox)
Sep  2 08:00:01 arne-vandebemdt postfix/qmgr[555]: B0EF780B05: removed
Sep  2 08:15:01 arne-vandebemdt postfix/pickup[891]: DFBF780B05: uid=0 from=<root>
Sep  2 08:15:01 arne-vandebemdt postfix/cleanup[3866]: DFBF780B05: message-id=<20190902061501.DFBF780B05@arne-vandebemdt.localdomain>
Sep  2 08:15:01 arne-vandebemdt postfix/qmgr[555]: DFBF780B05: from=<root@arne-vandebemdt.localdomain>, size=694, nrcpt=1 (queue active)
Sep  2 08:15:01 arne-vandebemdt postfix/local[3901]: DFBF780B05: to=<root@arne-vandebemdt.localdomain>, orig_to=<root>, relay=local, delay=0.09, delays=0.06/0.03/0/0, dsn=2.0.0, status=sent (delivered to mailbox)
Sep  2 08:15:01 arne-vandebemdt postfix/qmgr[555]: DFBF780B05: removed
Sep  2 08:30:01 arne-vandebemdt postfix/pickup[891]: DE14A80B05: uid=0 from=<root>
Sep  2 08:30:01 arne-vandebemdt postfix/cleanup[4787]: DE14A80B05: message-id=<20190902063001.DE14A80B05@arne-vandebemdt.localdomain>
Sep  2 08:30:01 arne-vandebemdt postfix/qmgr[555]: DE14A80B05: from=<root@arne-vandebemdt.localdomain>, size=694, nrcpt=1 (queue active)
Sep  2 08:30:01 arne-vandebemdt postfix/local[4814]: DE14A80B05: to=<root@arne-vandebemdt.localdomain>, orig_to=<root>, relay=local, delay=0.09, delays=0.05/0.02/0/0.02, dsn=2.0.0, status=sent (delivered to mailbox)
Sep  2 08:30:01 arne-vandebemdt postfix/qmgr[555]: DE14A80B05: removed
Sep  2 08:45:01 arne-vandebemdt postfix/pickup[891]: C95DC80B05: uid=0 from=<root>
Sep  2 08:45:01 arne-vandebemdt postfix/cleanup[5754]: C95DC80B05: message-id=<20190902064501.C95DC80B05@arne-vandebemdt.localdomain>
Sep  2 08:45:01 arne-vandebemdt postfix/qmgr[555]: C95DC80B05: from=<root@arne-vandebemdt.localdomain>, size=694, nrcpt=1 (queue active)
Sep  2 08:45:01 arne-vandebemdt postfix/local[5786]: C95DC80B05: to=<root@arne-vandebemdt.localdomain>, orig_to=<root>, relay=local, delay=0.08, delays=0.05/0.02/0/0, dsn=2.0.0, status=sent (delivered to mailbox)
Sep  2 08:45:01 arne-vandebemdt postfix/qmgr[555]: C95DC80B05: removed
Sep  2 09:00:01 arne-vandebemdt postfix/pickup[6656]: C56F480B05: uid=0 from=<root>
Sep  2 09:00:01 arne-vandebemdt postfix/cleanup[6683]: C56F480B05: message-id=<20190902070001.C56F480B05@arne-vandebemdt.localdomain>
Sep  2 09:00:01 arne-vandebemdt postfix/qmgr[555]: C56F480B05: from=<root@arne-vandebemdt.localdomain>, size=694, nrcpt=1 (queue active)
Sep  2 09:00:01 arne-vandebemdt postfix/local[6694]: C56F480B05: to=<root@arne-vandebemdt.localdomain>, orig_to=<root>, relay=local, delay=0.09, delays=0.07/0.02/0/0, dsn=2.0.0, status=sent (delivered to mailbox)
Sep  2 09:00:01 arne-vandebemdt postfix/qmgr[555]: C56F480B05: removed
Sep  2 09:15:02 arne-vandebemdt postfix/pickup[6656]: 07AF8803C2: uid=0 from=<root>
Sep  2 09:15:02 arne-vandebemdt postfix/cleanup[8087]: 07AF8803C2: message-id=<20190902071502.07AF8803C2@arne-vandebemdt.localdomain>
Sep  2 09:15:02 arne-vandebemdt postfix/qmgr[555]: 07AF8803C2: from=<root@arne-vandebemdt.localdomain>, size=694, nrcpt=1 (queue active)
Sep  2 09:15:02 arne-vandebemdt postfix/local[8122]: 07AF8803C2: to=<root@arne-vandebemdt.localdomain>, orig_to=<root>, relay=local, delay=0.08, delays=0.05/0.02/0/0.01, dsn=2.0.0, status=sent (delivered to mailbox)
Sep  2 09:15:02 arne-vandebemdt postfix/qmgr[555]: 07AF8803C2: removed
Sep  2 09:30:01 arne-vandebemdt postfix/pickup[6656]: E36FE803C2: uid=0 from=<root>
Sep  2 09:30:01 arne-vandebemdt postfix/cleanup[9005]: E36FE803C2: message-id=<20190902073001.E36FE803C2@arne-vandebemdt.localdomain>
Sep  2 09:30:01 arne-vandebemdt postfix/qmgr[555]: E36FE803C2: from=<root@arne-vandebemdt.localdomain>, size=694, nrcpt=1 (queue active)
Sep  2 09:30:01 arne-vandebemdt postfix/local[9026]: E36FE803C2: to=<root@arne-vandebemdt.localdomain>, orig_to=<root>, relay=local, delay=0.08, delays=0.05/0.02/0/0, dsn=2.0.0, status=sent (delivered to mailbox)
Sep  2 09:30:01 arne-vandebemdt postfix/qmgr[555]: E36FE803C2: removed
Sep  2 09:45:01 arne-vandebemdt postfix/pickup[6656]: D9051803C2: uid=0 from=<root>
Sep  2 09:45:01 arne-vandebemdt postfix/cleanup[9973]: D9051803C2: message-id=<20190902074501.D9051803C2@arne-vandebemdt.localdomain>
Sep  2 09:45:01 arne-vandebemdt postfix/qmgr[555]: D9051803C2: from=<root@arne-vandebemdt.localdomain>, size=694, nrcpt=1 (queue active)
Sep  2 09:45:01 arne-vandebemdt postfix/local[10002]: D9051803C2: to=<root@arne-vandebemdt.localdomain>, orig_to=<root>, relay=local, delay=0.1, delays=0.07/0.03/0/0.01, dsn=2.0.0, status=sent (delivered to mailbox)
Sep  2 09:45:01 arne-vandebemdt postfix/qmgr[555]: D9051803C2: removed
Sep  2 10:00:01 arne-vandebemdt postfix/pickup[6656]: E0B0D803C2: uid=0 from=<root>
Sep  2 10:00:01 arne-vandebemdt postfix/cleanup[10914]: E0B0D803C2: message-id=<20190902080001.E0B0D803C2@arne-vandebemdt.localdomain>
Sep  2 10:00:01 arne-vandebemdt postfix/qmgr[555]: E0B0D803C2: from=<root@arne-vandebemdt.localdomain>, size=694, nrcpt=1 (queue active)
Sep  2 10:00:01 arne-vandebemdt postfix/local[10920]: E0B0D803C2: to=<root@arne-vandebemdt.localdomain>, orig_to=<root>, relay=local, delay=0.08, delays=0.06/0.02/0/0.01, dsn=2.0.0, status=sent (delivered to mailbox)
Sep  2 10:00:01 arne-vandebemdt postfix/qmgr[555]: E0B0D803C2: removed
Sep  2 10:15:01 arne-vandebemdt postfix/pickup[6656]: 39C43803C2: uid=0 from=<root>
Sep  2 10:15:01 arne-vandebemdt postfix/cleanup[11952]: 39C43803C2: message-id=<20190902081501.39C43803C2@arne-vandebemdt.localdomain>
Sep  2 10:15:01 arne-vandebemdt postfix/qmgr[555]: 39C43803C2: from=<root@arne-vandebemdt.localdomain>, size=694, nrcpt=1 (queue active)
Sep  2 10:15:01 arne-vandebemdt postfix/local[11970]: 39C43803C2: to=<root@arne-vandebemdt.localdomain>, orig_to=<root>, relay=local, delay=0.09, delays=0.06/0.02/0/0.01, dsn=2.0.0, status=sent (delivered to mailbox)
Sep  2 10:15:01 arne-vandebemdt postfix/qmgr[555]: 39C43803C2: removed
Sep  2 10:30:01 arne-vandebemdt postfix/pickup[13032]: 378D9803C2: uid=0 from=<root>
Sep  2 10:30:01 arne-vandebemdt postfix/cleanup[13049]: 378D9803C2: message-id=<20190902083001.378D9803C2@arne-vandebemdt.localdomain>
Sep  2 10:30:01 arne-vandebemdt postfix/qmgr[555]: 378D9803C2: from=<root@arne-vandebemdt.localdomain>, size=694, nrcpt=1 (queue active)
Sep  2 10:30:01 arne-vandebemdt postfix/local[13079]: 378D9803C2: to=<root@arne-vandebemdt.localdomain>, orig_to=<root>, relay=local, delay=0.1, delays=0.07/0.02/0/0, dsn=2.0.0, status=sent (delivered to mailbox)
Sep  2 10:30:01 arne-vandebemdt postfix/qmgr[555]: 378D9803C2: removed
Sep  2 10:45:01 arne-vandebemdt postfix/pickup[13032]: 2D552803C2: uid=0 from=<root>
Sep  2 10:45:01 arne-vandebemdt postfix/cleanup[14018]: 2D552803C2: message-id=<20190902084501.2D552803C2@arne-vandebemdt.localdomain>
Sep  2 10:45:01 arne-vandebemdt postfix/qmgr[555]: 2D552803C2: from=<root@arne-vandebemdt.localdomain>, size=694, nrcpt=1 (queue active)
Sep  2 10:45:01 arne-vandebemdt postfix/local[14035]: 2D552803C2: to=<root@arne-vandebemdt.localdomain>, orig_to=<root>, relay=local, delay=0.08, delays=0.06/0.03/0/0, dsn=2.0.0, status=sent (delivered to mailbox)
Sep  2 10:45:01 arne-vandebemdt postfix/qmgr[555]: 2D552803C2: removed
Sep  2 11:00:01 arne-vandebemdt postfix/pickup[13032]: 21B03803C2: uid=0 from=<root>
Sep  2 11:00:01 arne-vandebemdt postfix/cleanup[14937]: 21B03803C2: message-id=<20190902090001.21B03803C2@arne-vandebemdt.localdomain>
Sep  2 11:00:01 arne-vandebemdt postfix/qmgr[555]: 21B03803C2: from=<root@arne-vandebemdt.localdomain>, size=694, nrcpt=1 (queue active)
Sep  2 11:00:01 arne-vandebemdt postfix/local[14962]: 21B03803C2: to=<root@arne-vandebemdt.localdomain>, orig_to=<root>, relay=local, delay=0.08, delays=0.05/0.02/0/0, dsn=2.0.0, status=sent (delivered to mailbox)
Sep  2 11:00:01 arne-vandebemdt postfix/qmgr[555]: 21B03803C2: removed
Sep  2 11:15:01 arne-vandebemdt postfix/pickup[13032]: 5B6DF803C2: uid=0 from=<root>
Sep  2 11:15:01 arne-vandebemdt postfix/cleanup[16001]: 5B6DF803C2: message-id=<20190902091501.5B6DF803C2@arne-vandebemdt.localdomain>
Sep  2 11:15:01 arne-vandebemdt postfix/qmgr[555]: 5B6DF803C2: from=<root@arne-vandebemdt.localdomain>, size=694, nrcpt=1 (queue active)
Sep  2 11:15:01 arne-vandebemdt postfix/local[16046]: 5B6DF803C2: to=<root@arne-vandebemdt.localdomain>, orig_to=<root>, relay=local, delay=0.07, delays=0.04/0.02/0/0, dsn=2.0.0, status=sent (delivered to mailbox)
Sep  2 11:15:01 arne-vandebemdt postfix/qmgr[555]: 5B6DF803C2: removed
Sep  2 11:30:01 arne-vandebemdt postfix/pickup[13032]: 211D1803C2: uid=0 from=<root>
Sep  2 11:30:01 arne-vandebemdt postfix/cleanup[16921]: 211D1803C2: message-id=<20190902093001.211D1803C2@arne-vandebemdt.localdomain>
Sep  2 11:30:01 arne-vandebemdt postfix/qmgr[555]: 211D1803C2: from=<root@arne-vandebemdt.localdomain>, size=694, nrcpt=1 (queue active)
Sep  2 11:30:01 arne-vandebemdt postfix/local[16948]: 211D1803C2: to=<root@arne-vandebemdt.localdomain>, orig_to=<root>, relay=local, delay=0.1, delays=0.07/0.03/0/0, dsn=2.0.0, status=sent (delivered to mailbox)
Sep  2 11:30:01 arne-vandebemdt postfix/qmgr[555]: 211D1803C2: removed
Sep  2 11:45:01 arne-vandebemdt postfix/pickup[13032]: E63D5803C2: uid=0 from=<root>
Sep  2 11:45:01 arne-vandebemdt postfix/cleanup[17888]: E63D5803C2: message-id=<20190902094501.E63D5803C2@arne-vandebemdt.localdomain>
Sep  2 11:45:01 arne-vandebemdt postfix/qmgr[555]: E63D5803C2: from=<root@arne-vandebemdt.localdomain>, size=694, nrcpt=1 (queue active)
Sep  2 11:45:01 arne-vandebemdt postfix/local[17906]: E63D5803C2: to=<root@arne-vandebemdt.localdomain>, orig_to=<root>, relay=local, delay=0.09, delays=0.06/0.03/0/0, dsn=2.0.0, status=sent (delivered to mailbox)
Sep  2 11:45:01 arne-vandebemdt postfix/qmgr[555]: E63D5803C2: removed
Sep  2 12:00:01 arne-vandebemdt postfix/pickup[13032]: F2037803C2: uid=0 from=<root>
Sep  2 12:00:02 arne-vandebemdt postfix/cleanup[18840]: F2037803C2: message-id=<20190902100001.F2037803C2@arne-vandebemdt.localdomain>
Sep  2 12:00:02 arne-vandebemdt postfix/qmgr[555]: F2037803C2: from=<root@arne-vandebemdt.localdomain>, size=694, nrcpt=1 (queue active)
Sep  2 12:00:02 arne-vandebemdt postfix/local[18847]: F2037803C2: to=<root@arne-vandebemdt.localdomain>, orig_to=<root>, relay=local, delay=0.1, delays=0.07/0.03/0/0, dsn=2.0.0, status=sent (delivered to mailbox)
Sep  2 12:00:02 arne-vandebemdt postfix/qmgr[555]: F2037803C2: removed
Sep  2 12:15:01 arne-vandebemdt postfix/pickup[19803]: 4B39E803C2: uid=0 from=<root>
Sep  2 12:15:01 arne-vandebemdt postfix/cleanup[19872]: 4B39E803C2: message-id=<20190902101501.4B39E803C2@arne-vandebemdt.localdomain>
Sep  2 12:15:01 arne-vandebemdt postfix/qmgr[555]: 4B39E803C2: from=<root@arne-vandebemdt.localdomain>, size=694, nrcpt=1 (queue active)
Sep  2 12:15:01 arne-vandebemdt postfix/local[19893]: 4B39E803C2: to=<root@arne-vandebemdt.localdomain>, orig_to=<root>, relay=local, delay=0.08, delays=0.05/0.03/0/0, dsn=2.0.0, status=sent (delivered to mailbox)
Sep  2 12:15:01 arne-vandebemdt postfix/qmgr[555]: 4B39E803C2: removed
Sep  2 12:30:01 arne-vandebemdt postfix/pickup[19803]: 4EC3C803C2: uid=0 from=<root>
Sep  2 12:30:01 arne-vandebemdt postfix/cleanup[20795]: 4EC3C803C2: message-id=<20190902103001.4EC3C803C2@arne-vandebemdt.localdomain>
Sep  2 12:30:01 arne-vandebemdt postfix/qmgr[555]: 4EC3C803C2: from=<root@arne-vandebemdt.localdomain>, size=694, nrcpt=1 (queue active)
Sep  2 12:30:01 arne-vandebemdt postfix/local[20814]: 4EC3C803C2: to=<root@arne-vandebemdt.localdomain>, orig_to=<root>, relay=local, delay=0.09, delays=0.06/0.03/0/0, dsn=2.0.0, status=sent (delivered to mailbox)
Sep  2 12:30:01 arne-vandebemdt postfix/qmgr[555]: 4EC3C803C2: removed
Sep  2 12:45:01 arne-vandebemdt postfix/pickup[19803]: 46B7E803C2: uid=0 from=<root>
Sep  2 12:45:01 arne-vandebemdt postfix/cleanup[21765]: 46B7E803C2: message-id=<20190902104501.46B7E803C2@arne-vandebemdt.localdomain>
Sep  2 12:45:01 arne-vandebemdt postfix/qmgr[555]: 46B7E803C2: from=<root@arne-vandebemdt.localdomain>, size=694, nrcpt=1 (queue active)
Sep  2 12:45:01 arne-vandebemdt postfix/local[21798]: 46B7E803C2: to=<root@arne-vandebemdt.localdomain>, orig_to=<root>, relay=local, delay=0.1, delays=0.07/0.03/0/0, dsn=2.0.0, status=sent (delivered to mailbox)
Sep  2 12:45:01 arne-vandebemdt postfix/qmgr[555]: 46B7E803C2: removed
Sep  2 13:00:01 arne-vandebemdt postfix/pickup[19803]: 456BE803C2: uid=0 from=<root>
Sep  2 13:00:01 arne-vandebemdt postfix/cleanup[22685]: 456BE803C2: message-id=<20190902110001.456BE803C2@arne-vandebemdt.localdomain>
Sep  2 13:00:01 arne-vandebemdt postfix/qmgr[555]: 456BE803C2: from=<root@arne-vandebemdt.localdomain>, size=694, nrcpt=1 (queue active)
Sep  2 13:00:01 arne-vandebemdt postfix/local[22714]: 456BE803C2: to=<root@arne-vandebemdt.localdomain>, orig_to=<root>, relay=local, delay=0.14, delays=0.11/0.03/0/0, dsn=2.0.0, status=sent (delivered to mailbox)
Sep  2 13:00:01 arne-vandebemdt postfix/qmgr[555]: 456BE803C2: removed
Sep  2 13:15:01 arne-vandebemdt postfix/pickup[19803]: 9A2BC803C2: uid=0 from=<root>
Sep  2 13:15:01 arne-vandebemdt postfix/cleanup[23744]: 9A2BC803C2: message-id=<20190902111501.9A2BC803C2@arne-vandebemdt.localdomain>
Sep  2 13:15:01 arne-vandebemdt postfix/qmgr[555]: 9A2BC803C2: from=<root@arne-vandebemdt.localdomain>, size=694, nrcpt=1 (queue active)
Sep  2 13:15:01 arne-vandebemdt postfix/local[23766]: 9A2BC803C2: to=<root@arne-vandebemdt.localdomain>, orig_to=<root>, relay=local, delay=0.08, delays=0.05/0.03/0/0, dsn=2.0.0, status=sent (delivered to mailbox)
Sep  2 13:15:01 arne-vandebemdt postfix/qmgr[555]: 9A2BC803C2: removed
Sep  2 13:30:01 arne-vandebemdt postfix/pickup[19803]: 90540803C2: uid=0 from=<root>
Sep  2 13:30:01 arne-vandebemdt postfix/cleanup[24665]: 90540803C2: message-id=<20190902113001.90540803C2@arne-vandebemdt.localdomain>
Sep  2 13:30:01 arne-vandebemdt postfix/qmgr[555]: 90540803C2: from=<root@arne-vandebemdt.localdomain>, size=694, nrcpt=1 (queue active)
Sep  2 13:30:01 arne-vandebemdt postfix/local[24678]: 90540803C2: to=<root@arne-vandebemdt.localdomain>, orig_to=<root>, relay=local, delay=0.08, delays=0.06/0.03/0/0, dsn=2.0.0, status=sent (delivered to mailbox)
Sep  2 13:30:01 arne-vandebemdt postfix/qmgr[555]: 90540803C2: removed
Sep  2 13:45:01 arne-vandebemdt postfix/pickup[25568]: 86C22803C2: uid=0 from=<root>
Sep  2 13:45:01 arne-vandebemdt postfix/cleanup[25636]: 86C22803C2: message-id=<20190902114501.86C22803C2@arne-vandebemdt.localdomain>
Sep  2 13:45:01 arne-vandebemdt postfix/qmgr[555]: 86C22803C2: from=<root@arne-vandebemdt.localdomain>, size=694, nrcpt=1 (queue active)
Sep  2 13:45:01 arne-vandebemdt postfix/local[25650]: 86C22803C2: to=<root@arne-vandebemdt.localdomain>, orig_to=<root>, relay=local, delay=0.09, delays=0.06/0.02/0/0, dsn=2.0.0, status=sent (delivered to mailbox)
Sep  2 13:45:01 arne-vandebemdt postfix/qmgr[555]: 86C22803C2: removed
Sep  2 14:00:01 arne-vandebemdt postfix/pickup[25568]: 8B1C1803C2: uid=0 from=<root>
Sep  2 14:00:01 arne-vandebemdt postfix/cleanup[26564]: 8B1C1803C2: message-id=<20190902120001.8B1C1803C2@arne-vandebemdt.localdomain>
Sep  2 14:00:01 arne-vandebemdt postfix/qmgr[555]: 8B1C1803C2: from=<root@arne-vandebemdt.localdomain>, size=694, nrcpt=1 (queue active)
Sep  2 14:00:01 arne-vandebemdt postfix/local[26586]: 8B1C1803C2: to=<root@arne-vandebemdt.localdomain>, orig_to=<root>, relay=local, delay=0.1, delays=0.07/0.03/0/0, dsn=2.0.0, status=sent (delivered to mailbox)
Sep  2 14:00:01 arne-vandebemdt postfix/qmgr[555]: 8B1C1803C2: removed
Sep  2 14:15:01 arne-vandebemdt postfix/pickup[25568]: DD593803C2: uid=0 from=<root>
Sep  2 14:15:01 arne-vandebemdt postfix/cleanup[27617]: DD593803C2: message-id=<20190902121501.DD593803C2@arne-vandebemdt.localdomain>
Sep  2 14:15:01 arne-vandebemdt postfix/qmgr[555]: DD593803C2: from=<root@arne-vandebemdt.localdomain>, size=694, nrcpt=1 (queue active)
Sep  2 14:15:01 arne-vandebemdt postfix/local[27643]: DD593803C2: to=<root@arne-vandebemdt.localdomain>, orig_to=<root>, relay=local, delay=0.1, delays=0.06/0.03/0/0.01, dsn=2.0.0, status=sent (delivered to mailbox)
Sep  2 14:15:01 arne-vandebemdt postfix/qmgr[555]: DD593803C2: removed
Sep  2 14:30:01 arne-vandebemdt postfix/pickup[25568]: C7801803C2: uid=0 from=<root>
Sep  2 14:30:01 arne-vandebemdt postfix/cleanup[28537]: C7801803C2: message-id=<20190902123001.C7801803C2@arne-vandebemdt.localdomain>
Sep  2 14:30:01 arne-vandebemdt postfix/qmgr[555]: C7801803C2: from=<root@arne-vandebemdt.localdomain>, size=694, nrcpt=1 (queue active)
Sep  2 14:30:01 arne-vandebemdt postfix/local[28555]: C7801803C2: to=<root@arne-vandebemdt.localdomain>, orig_to=<root>, relay=local, delay=0.09, delays=0.06/0.02/0/0.01, dsn=2.0.0, status=sent (delivered to mailbox)
Sep  2 14:30:01 arne-vandebemdt postfix/qmgr[555]: C7801803C2: removed
Sep  2 14:45:01 arne-vandebemdt postfix/pickup[25568]: C2EF0803C2: uid=0 from=<root>
Sep  2 14:45:01 arne-vandebemdt postfix/cleanup[29506]: C2EF0803C2: message-id=<20190902124501.C2EF0803C2@arne-vandebemdt.localdomain>
Sep  2 14:45:01 arne-vandebemdt postfix/qmgr[555]: C2EF0803C2: from=<root@arne-vandebemdt.localdomain>, size=694, nrcpt=1 (queue active)
Sep  2 14:45:01 arne-vandebemdt postfix/local[29527]: C2EF0803C2: to=<root@arne-vandebemdt.localdomain>, orig_to=<root>, relay=local, delay=0.09, delays=0.07/0.03/0/0, dsn=2.0.0, status=sent (delivered to mailbox)
Sep  2 14:45:01 arne-vandebemdt postfix/qmgr[555]: C2EF0803C2: removed
Sep  2 15:00:01 arne-vandebemdt postfix/pickup[25568]: C2D2F803C2: uid=0 from=<root>
Sep  2 15:00:01 arne-vandebemdt postfix/cleanup[30427]: C2D2F803C2: message-id=<20190902130001.C2D2F803C2@arne-vandebemdt.localdomain>
Sep  2 15:00:01 arne-vandebemdt postfix/qmgr[555]: C2D2F803C2: from=<root@arne-vandebemdt.localdomain>, size=694, nrcpt=1 (queue active)
Sep  2 15:00:01 arne-vandebemdt postfix/local[30457]: C2D2F803C2: to=<root@arne-vandebemdt.localdomain>, orig_to=<root>, relay=local, delay=0.09, delays=0.06/0.03/0/0, dsn=2.0.0, status=sent (delivered to mailbox)
Sep  2 15:00:01 arne-vandebemdt postfix/qmgr[555]: C2D2F803C2: removed
Sep  2 15:15:02 arne-vandebemdt postfix/pickup[31423]: 08F7E803C2: uid=0 from=<root>
Sep  2 15:15:02 arne-vandebemdt postfix/cleanup[31491]: 08F7E803C2: message-id=<20190902131502.08F7E803C2@arne-vandebemdt.localdomain>
Sep  2 15:15:02 arne-vandebemdt postfix/qmgr[555]: 08F7E803C2: from=<root@arne-vandebemdt.localdomain>, size=694, nrcpt=1 (queue active)
Sep  2 15:15:02 arne-vandebemdt postfix/local[31529]: 08F7E803C2: to=<root@arne-vandebemdt.localdomain>, orig_to=<root>, relay=local, delay=0.11, delays=0.07/0.03/0/0, dsn=2.0.0, status=sent (delivered to mailbox)
Sep  2 15:15:02 arne-vandebemdt postfix/qmgr[555]: 08F7E803C2: removed
Sep  2 15:30:01 arne-vandebemdt postfix/pickup[31423]: E84FC803C2: uid=0 from=<root>
Sep  2 15:30:01 arne-vandebemdt postfix/cleanup[32416]: E84FC803C2: message-id=<20190902133001.E84FC803C2@arne-vandebemdt.localdomain>
Sep  2 15:30:01 arne-vandebemdt postfix/qmgr[555]: E84FC803C2: from=<root@arne-vandebemdt.localdomain>, size=694, nrcpt=1 (queue active)
Sep  2 15:30:02 arne-vandebemdt postfix/local[32457]: E84FC803C2: to=<root@arne-vandebemdt.localdomain>, orig_to=<root>, relay=local, delay=0.08, delays=0.05/0.02/0/0.01, dsn=2.0.0, status=sent (delivered to mailbox)
Sep  2 15:30:02 arne-vandebemdt postfix/qmgr[555]: E84FC803C2: removed
Sep  2 15:45:01 arne-vandebemdt postfix/pickup[31423]: D0A13803C2: uid=0 from=<root>
Sep  2 15:45:01 arne-vandebemdt postfix/cleanup[33385]: D0A13803C2: message-id=<20190902134501.D0A13803C2@arne-vandebemdt.localdomain>
Sep  2 15:45:01 arne-vandebemdt postfix/qmgr[555]: D0A13803C2: from=<root@arne-vandebemdt.localdomain>, size=694, nrcpt=1 (queue active)
Sep  2 15:45:01 arne-vandebemdt postfix/local[33426]: D0A13803C2: to=<root@arne-vandebemdt.localdomain>, orig_to=<root>, relay=local, delay=0.07, delays=0.04/0.02/0/0.01, dsn=2.0.0, status=sent (delivered to mailbox)
Sep  2 15:45:01 arne-vandebemdt postfix/qmgr[555]: D0A13803C2: removed
Sep  2 16:00:01 arne-vandebemdt postfix/pickup[31423]: CB1FE803C2: uid=0 from=<root>
Sep  2 16:00:01 arne-vandebemdt postfix/cleanup[34323]: CB1FE803C2: message-id=<20190902140001.CB1FE803C2@arne-vandebemdt.localdomain>
Sep  2 16:00:01 arne-vandebemdt postfix/qmgr[555]: CB1FE803C2: from=<root@arne-vandebemdt.localdomain>, size=694, nrcpt=1 (queue active)
Sep  2 16:00:01 arne-vandebemdt postfix/local[34343]: CB1FE803C2: to=<root@arne-vandebemdt.localdomain>, orig_to=<root>, relay=local, delay=0.12, delays=0.09/0.02/0/0.01, dsn=2.0.0, status=sent (delivered to mailbox)
Sep  2 16:00:01 arne-vandebemdt postfix/qmgr[555]: CB1FE803C2: removed
Sep  2 16:15:01 arne-vandebemdt postfix/pickup[31423]: 28096803C2: uid=0 from=<root>
Sep  2 16:15:01 arne-vandebemdt postfix/cleanup[35368]: 28096803C2: message-id=<20190902141501.28096803C2@arne-vandebemdt.localdomain>
Sep  2 16:15:01 arne-vandebemdt postfix/qmgr[555]: 28096803C2: from=<root@arne-vandebemdt.localdomain>, size=694, nrcpt=1 (queue active)
Sep  2 16:15:01 arne-vandebemdt postfix/local[35404]: 28096803C2: to=<root@arne-vandebemdt.localdomain>, orig_to=<root>, relay=local, delay=0.1, delays=0.07/0.03/0/0, dsn=2.0.0, status=sent (delivered to mailbox)
Sep  2 16:15:01 arne-vandebemdt postfix/qmgr[555]: 28096803C2: removed
Sep  2 16:30:01 arne-vandebemdt postfix/pickup[31423]: E10D4803C2: uid=0 from=<root>
Sep  2 16:30:01 arne-vandebemdt postfix/cleanup[36288]: E10D4803C2: message-id=<20190902143001.E10D4803C2@arne-vandebemdt.localdomain>
Sep  2 16:30:01 arne-vandebemdt postfix/qmgr[555]: E10D4803C2: from=<root@arne-vandebemdt.localdomain>, size=694, nrcpt=1 (queue active)
Sep  2 16:30:01 arne-vandebemdt postfix/local[36309]: E10D4803C2: to=<root@arne-vandebemdt.localdomain>, orig_to=<root>, relay=local, delay=0.09, delays=0.06/0.02/0/0, dsn=2.0.0, status=sent (delivered to mailbox)
Sep  2 16:30:01 arne-vandebemdt postfix/qmgr[555]: E10D4803C2: removed
Sep  2 16:45:01 arne-vandebemdt postfix/pickup[37243]: DA907803C2: uid=0 from=<root>
Sep  2 16:45:01 arne-vandebemdt postfix/cleanup[37261]: DA907803C2: message-id=<20190902144501.DA907803C2@arne-vandebemdt.localdomain>
Sep  2 16:45:01 arne-vandebemdt postfix/qmgr[555]: DA907803C2: from=<root@arne-vandebemdt.localdomain>, size=694, nrcpt=1 (queue active)
Sep  2 16:45:01 arne-vandebemdt postfix/local[37297]: DA907803C2: to=<root@arne-vandebemdt.localdomain>, orig_to=<root>, relay=local, delay=0.1, delays=0.07/0.03/0/0.01, dsn=2.0.0, status=sent (delivered to mailbox)
Sep  2 16:45:01 arne-vandebemdt postfix/qmgr[555]: DA907803C2: removed
Sep  2 17:00:01 arne-vandebemdt postfix/pickup[37243]: D836F803C2: uid=0 from=<root>
Sep  2 17:00:01 arne-vandebemdt postfix/cleanup[38204]: D836F803C2: message-id=<20190902150001.D836F803C2@arne-vandebemdt.localdomain>
Sep  2 17:00:01 arne-vandebemdt postfix/qmgr[555]: D836F803C2: from=<root@arne-vandebemdt.localdomain>, size=694, nrcpt=1 (queue active)
Sep  2 17:00:01 arne-vandebemdt postfix/local[38223]: D836F803C2: to=<root@arne-vandebemdt.localdomain>, orig_to=<root>, relay=local, delay=0.11, delays=0.08/0.03/0/0, dsn=2.0.0, status=sent (delivered to mailbox)
Sep  2 17:00:01 arne-vandebemdt postfix/qmgr[555]: D836F803C2: removed
Sep  2 17:15:01 arne-vandebemdt postfix/pickup[37243]: 26789803C2: uid=0 from=<root>
Sep  2 17:15:01 arne-vandebemdt postfix/cleanup[39242]: 26789803C2: message-id=<20190902151501.26789803C2@arne-vandebemdt.localdomain>
Sep  2 17:15:01 arne-vandebemdt postfix/qmgr[555]: 26789803C2: from=<root@arne-vandebemdt.localdomain>, size=694, nrcpt=1 (queue active)
Sep  2 17:15:01 arne-vandebemdt postfix/local[39255]: 26789803C2: to=<root@arne-vandebemdt.localdomain>, orig_to=<root>, relay=local, delay=0.09, delays=0.05/0.02/0/0.01, dsn=2.0.0, status=sent (delivered to mailbox)
Sep  2 17:15:01 arne-vandebemdt postfix/qmgr[555]: 26789803C2: removed
Sep  2 17:30:01 arne-vandebemdt postfix/pickup[37243]: 201E2803C2: uid=0 from=<root>
Sep  2 17:30:01 arne-vandebemdt postfix/cleanup[40163]: 201E2803C2: message-id=<20190902153001.201E2803C2@arne-vandebemdt.localdomain>
Sep  2 17:30:01 arne-vandebemdt postfix/qmgr[555]: 201E2803C2: from=<root@arne-vandebemdt.localdomain>, size=694, nrcpt=1 (queue active)
Sep  2 17:30:01 arne-vandebemdt postfix/local[40182]: 201E2803C2: to=<root@arne-vandebemdt.localdomain>, orig_to=<root>, relay=local, delay=0.09, delays=0.06/0.02/0/0.01, dsn=2.0.0, status=sent (delivered to mailbox)
Sep  2 17:30:01 arne-vandebemdt postfix/qmgr[555]: 201E2803C2: removed
Sep  2 17:45:01 arne-vandebemdt postfix/pickup[37243]: 19A89803C2: uid=0 from=<root>
Sep  2 17:45:01 arne-vandebemdt postfix/cleanup[41135]: 19A89803C2: message-id=<20190902154501.19A89803C2@arne-vandebemdt.localdomain>
Sep  2 17:45:01 arne-vandebemdt postfix/qmgr[555]: 19A89803C2: from=<root@arne-vandebemdt.localdomain>, size=694, nrcpt=1 (queue active)
Sep  2 17:45:01 arne-vandebemdt postfix/local[41153]: 19A89803C2: to=<root@arne-vandebemdt.localdomain>, orig_to=<root>, relay=local, delay=0.09, delays=0.06/0.02/0/0.01, dsn=2.0.0, status=sent (delivered to mailbox)
Sep  2 17:45:01 arne-vandebemdt postfix/qmgr[555]: 19A89803C2: removed
Sep  2 18:00:01 arne-vandebemdt postfix/pickup[37243]: 198C6803C2: uid=0 from=<root>
Sep  2 18:00:01 arne-vandebemdt postfix/cleanup[42053]: 198C6803C2: message-id=<20190902160001.198C6803C2@arne-vandebemdt.localdomain>
Sep  2 18:00:01 arne-vandebemdt postfix/qmgr[555]: 198C6803C2: from=<root@arne-vandebemdt.localdomain>, size=694, nrcpt=1 (queue active)
Sep  2 18:00:01 arne-vandebemdt postfix/local[42074]: 198C6803C2: to=<root@arne-vandebemdt.localdomain>, orig_to=<root>, relay=local, delay=0.09, delays=0.06/0.02/0/0, dsn=2.0.0, status=sent (delivered to mailbox)
Sep  2 18:00:01 arne-vandebemdt postfix/qmgr[555]: 198C6803C2: removed
Sep  2 18:15:01 arne-vandebemdt postfix/pickup[37243]: 48BB6803C2: uid=0 from=<root>
Sep  2 18:15:01 arne-vandebemdt postfix/cleanup[43117]: 48BB6803C2: message-id=<20190902161501.48BB6803C2@arne-vandebemdt.localdomain>
Sep  2 18:15:01 arne-vandebemdt postfix/qmgr[555]: 48BB6803C2: from=<root@arne-vandebemdt.localdomain>, size=694, nrcpt=1 (queue active)
Sep  2 18:15:01 arne-vandebemdt postfix/local[43160]: 48BB6803C2: to=<root@arne-vandebemdt.localdomain>, orig_to=<root>, relay=local, delay=0.07, delays=0.04/0.02/0/0.01, dsn=2.0.0, status=sent (delivered to mailbox)
Sep  2 18:15:01 arne-vandebemdt postfix/qmgr[555]: 48BB6803C2: removed
Sep  2 18:30:01 arne-vandebemdt postfix/pickup[44019]: 1BA77803C2: uid=0 from=<root>
Sep  2 18:30:01 arne-vandebemdt postfix/cleanup[44041]: 1BA77803C2: message-id=<20190902163001.1BA77803C2@arne-vandebemdt.localdomain>
Sep  2 18:30:01 arne-vandebemdt postfix/qmgr[555]: 1BA77803C2: from=<root@arne-vandebemdt.localdomain>, size=694, nrcpt=1 (queue active)
Sep  2 18:30:01 arne-vandebemdt postfix/local[44078]: 1BA77803C2: to=<root@arne-vandebemdt.localdomain>, orig_to=<root>, relay=local, delay=0.07, delays=0.05/0.02/0/0, dsn=2.0.0, status=sent (delivered to mailbox)
Sep  2 18:30:01 arne-vandebemdt postfix/qmgr[555]: 1BA77803C2: removed
Sep  2 18:45:01 arne-vandebemdt postfix/pickup[44019]: D6B47803C2: uid=0 from=<root>
Sep  2 18:45:01 arne-vandebemdt postfix/cleanup[45010]: D6B47803C2: message-id=<20190902164501.D6B47803C2@arne-vandebemdt.localdomain>
Sep  2 18:45:01 arne-vandebemdt postfix/qmgr[555]: D6B47803C2: from=<root@arne-vandebemdt.localdomain>, size=694, nrcpt=1 (queue active)
Sep  2 18:45:01 arne-vandebemdt postfix/local[45028]: D6B47803C2: to=<root@arne-vandebemdt.localdomain>, orig_to=<root>, relay=local, delay=0.09, delays=0.06/0.03/0/0.01, dsn=2.0.0, status=sent (delivered to mailbox)
Sep  2 18:45:01 arne-vandebemdt postfix/qmgr[555]: D6B47803C2: removed
Sep  2 19:00:01 arne-vandebemdt postfix/pickup[44019]: C777B803C2: uid=0 from=<root>
Sep  2 19:00:01 arne-vandebemdt postfix/cleanup[45951]: C777B803C2: message-id=<20190902170001.C777B803C2@arne-vandebemdt.localdomain>
Sep  2 19:00:01 arne-vandebemdt postfix/qmgr[555]: C777B803C2: from=<root@arne-vandebemdt.localdomain>, size=694, nrcpt=1 (queue active)
Sep  2 19:00:01 arne-vandebemdt postfix/local[45963]: C777B803C2: to=<root@arne-vandebemdt.localdomain>, orig_to=<root>, relay=local, delay=0.1, delays=0.07/0.03/0/0, dsn=2.0.0, status=sent (delivered to mailbox)
Sep  2 19:00:01 arne-vandebemdt postfix/qmgr[555]: C777B803C2: removed
Sep  2 19:15:01 arne-vandebemdt postfix/pickup[44019]: 282E2803C2: uid=0 from=<root>
Sep  2 19:15:01 arne-vandebemdt postfix/cleanup[46993]: 282E2803C2: message-id=<20190902171501.282E2803C2@arne-vandebemdt.localdomain>
Sep  2 19:15:01 arne-vandebemdt postfix/qmgr[555]: 282E2803C2: from=<root@arne-vandebemdt.localdomain>, size=694, nrcpt=1 (queue active)
Sep  2 19:15:01 arne-vandebemdt postfix/local[47038]: 282E2803C2: to=<root@arne-vandebemdt.localdomain>, orig_to=<root>, relay=local, delay=0.1, delays=0.07/0.03/0/0, dsn=2.0.0, status=sent (delivered to mailbox)
Sep  2 19:15:01 arne-vandebemdt postfix/qmgr[555]: 282E2803C2: removed
Sep  2 19:30:01 arne-vandebemdt postfix/pickup[44019]: 2F553803C2: uid=0 from=<root>
Sep  2 19:30:01 arne-vandebemdt postfix/cleanup[47916]: 2F553803C2: message-id=<20190902173001.2F553803C2@arne-vandebemdt.localdomain>
Sep  2 19:30:01 arne-vandebemdt postfix/qmgr[555]: 2F553803C2: from=<root@arne-vandebemdt.localdomain>, size=694, nrcpt=1 (queue active)
Sep  2 19:30:01 arne-vandebemdt postfix/local[47961]: 2F553803C2: to=<root@arne-vandebemdt.localdomain>, orig_to=<root>, relay=local, delay=0.11, delays=0.08/0.03/0/0, dsn=2.0.0, status=sent (delivered to mailbox)
Sep  2 19:30:01 arne-vandebemdt postfix/qmgr[555]: 2F553803C2: removed
Sep  2 19:45:01 arne-vandebemdt postfix/pickup[44019]: 263D9803C2: uid=0 from=<root>
Sep  2 19:45:01 arne-vandebemdt postfix/cleanup[49061]: 263D9803C2: message-id=<20190902174501.263D9803C2@arne-vandebemdt.localdomain>
Sep  2 19:45:01 arne-vandebemdt postfix/qmgr[555]: 263D9803C2: from=<root@arne-vandebemdt.localdomain>, size=694, nrcpt=1 (queue active)
Sep  2 19:45:01 arne-vandebemdt postfix/local[49076]: 263D9803C2: to=<root@arne-vandebemdt.localdomain>, orig_to=<root>, relay=local, delay=0.08, delays=0.05/0.02/0/0, dsn=2.0.0, status=sent (delivered to mailbox)
Sep  2 19:45:01 arne-vandebemdt postfix/qmgr[555]: 263D9803C2: removed
Sep  2 20:00:01 arne-vandebemdt postfix/pickup[49963]: 241D9803C2: uid=0 from=<root>
Sep  2 20:00:01 arne-vandebemdt postfix/cleanup[49981]: 241D9803C2: message-id=<20190902180001.241D9803C2@arne-vandebemdt.localdomain>
Sep  2 20:00:01 arne-vandebemdt postfix/qmgr[555]: 241D9803C2: from=<root@arne-vandebemdt.localdomain>, size=694, nrcpt=1 (queue active)
Sep  2 20:00:01 arne-vandebemdt postfix/local[50010]: 241D9803C2: to=<root@arne-vandebemdt.localdomain>, orig_to=<root>, relay=local, delay=0.08, delays=0.05/0.02/0/0, dsn=2.0.0, status=sent (delivered to mailbox)
Sep  2 20:00:01 arne-vandebemdt postfix/qmgr[555]: 241D9803C2: removed
Sep  2 20:15:01 arne-vandebemdt postfix/pickup[49963]: 28755803C2: uid=0 from=<root>
Sep  2 20:15:01 arne-vandebemdt postfix/cleanup[51043]: 28755803C2: message-id=<20190902181501.28755803C2@arne-vandebemdt.localdomain>
Sep  2 20:15:01 arne-vandebemdt postfix/qmgr[555]: 28755803C2: from=<root@arne-vandebemdt.localdomain>, size=694, nrcpt=1 (queue active)
Sep  2 20:15:01 arne-vandebemdt postfix/local[51073]: 28755803C2: to=<root@arne-vandebemdt.localdomain>, orig_to=<root>, relay=local, delay=0.09, delays=0.06/0.02/0/0, dsn=2.0.0, status=sent (delivered to mailbox)
Sep  2 20:15:01 arne-vandebemdt postfix/qmgr[555]: 28755803C2: removed
Sep  2 20:30:01 arne-vandebemdt postfix/pickup[49963]: 270FB803C2: uid=0 from=<root>
Sep  2 20:30:01 arne-vandebemdt postfix/cleanup[51963]: 270FB803C2: message-id=<20190902183001.270FB803C2@arne-vandebemdt.localdomain>
Sep  2 20:30:01 arne-vandebemdt postfix/qmgr[555]: 270FB803C2: from=<root@arne-vandebemdt.localdomain>, size=694, nrcpt=1 (queue active)
Sep  2 20:30:01 arne-vandebemdt postfix/local[51983]: 270FB803C2: to=<root@arne-vandebemdt.localdomain>, orig_to=<root>, relay=local, delay=0.08, delays=0.05/0.03/0/0, dsn=2.0.0, status=sent (delivered to mailbox)
Sep  2 20:30:01 arne-vandebemdt postfix/qmgr[555]: 270FB803C2: removed
Sep  2 20:45:01 arne-vandebemdt postfix/pickup[49963]: 1FEB3803C2: uid=0 from=<root>
Sep  2 20:45:01 arne-vandebemdt postfix/cleanup[52932]: 1FEB3803C2: message-id=<20190902184501.1FEB3803C2@arne-vandebemdt.localdomain>
Sep  2 20:45:01 arne-vandebemdt postfix/qmgr[555]: 1FEB3803C2: from=<root@arne-vandebemdt.localdomain>, size=694, nrcpt=1 (queue active)
Sep  2 20:45:01 arne-vandebemdt postfix/local[52952]: 1FEB3803C2: to=<root@arne-vandebemdt.localdomain>, orig_to=<root>, relay=local, delay=0.09, delays=0.06/0.02/0/0, dsn=2.0.0, status=sent (delivered to mailbox)
Sep  2 20:45:01 arne-vandebemdt postfix/qmgr[555]: 1FEB3803C2: removed
Sep  2 21:00:02 arne-vandebemdt postfix/pickup[49963]: 20499803C2: uid=0 from=<root>
Sep  2 21:00:02 arne-vandebemdt postfix/cleanup[53888]: 20499803C2: message-id=<20190902190002.20499803C2@arne-vandebemdt.localdomain>
Sep  2 21:00:02 arne-vandebemdt postfix/qmgr[555]: 20499803C2: from=<root@arne-vandebemdt.localdomain>, size=694, nrcpt=1 (queue active)
Sep  2 21:00:02 arne-vandebemdt postfix/local[53902]: 20499803C2: to=<root@arne-vandebemdt.localdomain>, orig_to=<root>, relay=local, delay=0.12, delays=0.09/0.03/0/0.01, dsn=2.0.0, status=sent (delivered to mailbox)
Sep  2 21:00:02 arne-vandebemdt postfix/qmgr[555]: 20499803C2: removed
Sep  2 21:15:01 arne-vandebemdt postfix/pickup[49963]: 2ACF7803C2: uid=0 from=<root>
Sep  2 21:15:01 arne-vandebemdt postfix/cleanup[54913]: 2ACF7803C2: message-id=<20190902191501.2ACF7803C2@arne-vandebemdt.localdomain>
Sep  2 21:15:01 arne-vandebemdt postfix/qmgr[555]: 2ACF7803C2: from=<root@arne-vandebemdt.localdomain>, size=694, nrcpt=1 (queue active)
Sep  2 21:15:01 arne-vandebemdt postfix/local[54954]: 2ACF7803C2: to=<root@arne-vandebemdt.localdomain>, orig_to=<root>, relay=local, delay=0.07, delays=0.05/0.02/0/0, dsn=2.0.0, status=sent (delivered to mailbox)
Sep  2 21:15:01 arne-vandebemdt postfix/qmgr[555]: 2ACF7803C2: removed
Sep  2 21:30:01 arne-vandebemdt postfix/pickup[55817]: 1C6E7803C2: uid=0 from=<root>
Sep  2 21:30:01 arne-vandebemdt postfix/cleanup[55834]: 1C6E7803C2: message-id=<20190902193001.1C6E7803C2@arne-vandebemdt.localdomain>
Sep  2 21:30:01 arne-vandebemdt postfix/qmgr[555]: 1C6E7803C2: from=<root@arne-vandebemdt.localdomain>, size=694, nrcpt=1 (queue active)
Sep  2 21:30:01 arne-vandebemdt postfix/local[55866]: 1C6E7803C2: to=<root@arne-vandebemdt.localdomain>, orig_to=<root>, relay=local, delay=0.1, delays=0.07/0.02/0/0, dsn=2.0.0, status=sent (delivered to mailbox)
Sep  2 21:30:01 arne-vandebemdt postfix/qmgr[555]: 1C6E7803C2: removed
Sep  2 21:45:01 arne-vandebemdt postfix/pickup[55817]: EF549803C2: uid=0 from=<root>
Sep  2 21:45:02 arne-vandebemdt postfix/cleanup[56804]: EF549803C2: message-id=<20190902194501.EF549803C2@arne-vandebemdt.localdomain>
Sep  2 21:45:02 arne-vandebemdt postfix/qmgr[555]: EF549803C2: from=<root@arne-vandebemdt.localdomain>, size=694, nrcpt=1 (queue active)
Sep  2 21:45:02 arne-vandebemdt postfix/local[56822]: EF549803C2: to=<root@arne-vandebemdt.localdomain>, orig_to=<root>, relay=local, delay=0.08, delays=0.05/0.02/0/0, dsn=2.0.0, status=sent (delivered to mailbox)
Sep  2 21:45:02 arne-vandebemdt postfix/qmgr[555]: EF549803C2: removed
Sep  2 22:00:01 arne-vandebemdt postfix/pickup[55817]: DD16D803C2: uid=0 from=<root>
Sep  2 22:00:01 arne-vandebemdt postfix/cleanup[797]: DD16D803C2: message-id=<20190902200001.DD16D803C2@arne-vandebemdt.localdomain>
Sep  2 22:00:01 arne-vandebemdt postfix/qmgr[555]: DD16D803C2: from=<root@arne-vandebemdt.localdomain>, size=694, nrcpt=1 (queue active)
Sep  2 22:00:01 arne-vandebemdt postfix/local[812]: DD16D803C2: to=<root@arne-vandebemdt.localdomain>, orig_to=<root>, relay=local, delay=0.1, delays=0.07/0.02/0/0, dsn=2.0.0, status=sent (delivered to mailbox)
Sep  2 22:00:01 arne-vandebemdt postfix/qmgr[555]: DD16D803C2: removed
Sep  2 22:15:01 arne-vandebemdt postfix/pickup[55817]: 38F10803C2: uid=0 from=<root>
Sep  2 22:15:01 arne-vandebemdt postfix/cleanup[1835]: 38F10803C2: message-id=<20190902201501.38F10803C2@arne-vandebemdt.localdomain>
Sep  2 22:15:01 arne-vandebemdt postfix/qmgr[555]: 38F10803C2: from=<root@arne-vandebemdt.localdomain>, size=694, nrcpt=1 (queue active)
Sep  2 22:15:01 arne-vandebemdt postfix/local[1860]: 38F10803C2: to=<root@arne-vandebemdt.localdomain>, orig_to=<root>, relay=local, delay=0.09, delays=0.06/0.03/0/0, dsn=2.0.0, status=sent (delivered to mailbox)
Sep  2 22:15:01 arne-vandebemdt postfix/qmgr[555]: 38F10803C2: removed
Sep  2 22:30:01 arne-vandebemdt postfix/pickup[55817]: 35DE6803C2: uid=0 from=<root>
Sep  2 22:30:01 arne-vandebemdt postfix/cleanup[2756]: 35DE6803C2: message-id=<20190902203001.35DE6803C2@arne-vandebemdt.localdomain>
Sep  2 22:30:01 arne-vandebemdt postfix/qmgr[555]: 35DE6803C2: from=<root@arne-vandebemdt.localdomain>, size=694, nrcpt=1 (queue active)
Sep  2 22:30:01 arne-vandebemdt postfix/local[2783]: 35DE6803C2: to=<root@arne-vandebemdt.localdomain>, orig_to=<root>, relay=local, delay=0.09, delays=0.06/0.02/0/0, dsn=2.0.0, status=sent (delivered to mailbox)
Sep  2 22:30:01 arne-vandebemdt postfix/qmgr[555]: 35DE6803C2: removed
Sep  2 22:45:01 arne-vandebemdt postfix/pickup[55817]: 2A298803C2: uid=0 from=<root>
Sep  2 22:45:01 arne-vandebemdt postfix/cleanup[3725]: 2A298803C2: message-id=<20190902204501.2A298803C2@arne-vandebemdt.localdomain>
Sep  2 22:45:01 arne-vandebemdt postfix/qmgr[555]: 2A298803C2: from=<root@arne-vandebemdt.localdomain>, size=694, nrcpt=1 (queue active)
Sep  2 22:45:01 arne-vandebemdt postfix/local[3739]: 2A298803C2: to=<root@arne-vandebemdt.localdomain>, orig_to=<root>, relay=local, delay=0.1, delays=0.06/0.02/0/0.01, dsn=2.0.0, status=sent (delivered to mailbox)
Sep  2 22:45:01 arne-vandebemdt postfix/qmgr[555]: 2A298803C2: removed
Sep  2 23:00:01 arne-vandebemdt postfix/pickup[4627]: 21FC2803C2: uid=0 from=<root>
Sep  2 23:00:01 arne-vandebemdt postfix/cleanup[4644]: 21FC2803C2: message-id=<20190902210001.21FC2803C2@arne-vandebemdt.localdomain>
Sep  2 23:00:01 arne-vandebemdt postfix/qmgr[555]: 21FC2803C2: from=<root@arne-vandebemdt.localdomain>, size=694, nrcpt=1 (queue active)
Sep  2 23:00:01 arne-vandebemdt postfix/local[4661]: 21FC2803C2: to=<root@arne-vandebemdt.localdomain>, orig_to=<root>, relay=local, delay=0.08, delays=0.06/0.02/0/0, dsn=2.0.0, status=sent (delivered to mailbox)
Sep  2 23:00:01 arne-vandebemdt postfix/qmgr[555]: 21FC2803C2: removed
Sep  2 23:15:01 arne-vandebemdt postfix/pickup[4627]: 88235803C2: uid=0 from=<root>
Sep  2 23:15:01 arne-vandebemdt postfix/cleanup[5707]: 88235803C2: message-id=<20190902211501.88235803C2@arne-vandebemdt.localdomain>
Sep  2 23:15:01 arne-vandebemdt postfix/qmgr[555]: 88235803C2: from=<root@arne-vandebemdt.localdomain>, size=694, nrcpt=1 (queue active)
Sep  2 23:15:01 arne-vandebemdt postfix/local[5737]: 88235803C2: to=<root@arne-vandebemdt.localdomain>, orig_to=<root>, relay=local, delay=0.09, delays=0.06/0.03/0/0.01, dsn=2.0.0, status=sent (delivered to mailbox)
Sep  2 23:15:01 arne-vandebemdt postfix/qmgr[555]: 88235803C2: removed
Sep  2 23:30:01 arne-vandebemdt postfix/pickup[4627]: 8D072803C2: uid=0 from=<root>
Sep  2 23:30:01 arne-vandebemdt postfix/cleanup[6628]: 8D072803C2: message-id=<20190902213001.8D072803C2@arne-vandebemdt.localdomain>
Sep  2 23:30:01 arne-vandebemdt postfix/qmgr[555]: 8D072803C2: from=<root@arne-vandebemdt.localdomain>, size=694, nrcpt=1 (queue active)
Sep  2 23:30:01 arne-vandebemdt postfix/local[6664]: 8D072803C2: to=<root@arne-vandebemdt.localdomain>, orig_to=<root>, relay=local, delay=0.1, delays=0.07/0.03/0/0, dsn=2.0.0, status=sent (delivered to mailbox)
Sep  2 23:30:01 arne-vandebemdt postfix/qmgr[555]: 8D072803C2: removed
Sep  2 23:45:01 arne-vandebemdt postfix/pickup[4627]: 86555803C2: uid=0 from=<root>
Sep  2 23:45:01 arne-vandebemdt postfix/cleanup[7596]: 86555803C2: message-id=<20190902214501.86555803C2@arne-vandebemdt.localdomain>
Sep  2 23:45:01 arne-vandebemdt postfix/qmgr[555]: 86555803C2: from=<root@arne-vandebemdt.localdomain>, size=694, nrcpt=1 (queue active)
Sep  2 23:45:01 arne-vandebemdt postfix/local[7616]: 86555803C2: to=<root@arne-vandebemdt.localdomain>, orig_to=<root>, relay=local, delay=0.09, delays=0.06/0.02/0/0.01, dsn=2.0.0, status=sent (delivered to mailbox)
Sep  2 23:45:01 arne-vandebemdt postfix/qmgr[555]: 86555803C2: removed
Sep  3 00:00:01 arne-vandebemdt postfix/pickup[4627]: 72E64803C2: uid=0 from=<root>
Sep  3 00:00:01 arne-vandebemdt postfix/cleanup[8519]: 72E64803C2: message-id=<20190902220001.72E64803C2@arne-vandebemdt.localdomain>
Sep  3 00:00:01 arne-vandebemdt postfix/qmgr[555]: 72E64803C2: from=<root@arne-vandebemdt.localdomain>, size=694, nrcpt=1 (queue active)
Sep  3 00:00:01 arne-vandebemdt postfix/local[8542]: 72E64803C2: to=<root@arne-vandebemdt.localdomain>, orig_to=<root>, relay=local, delay=0.11, delays=0.07/0.03/0/0.01, dsn=2.0.0, status=sent (delivered to mailbox)
Sep  3 00:00:01 arne-vandebemdt postfix/qmgr[555]: 72E64803C2: removed
Sep  3 00:15:01 arne-vandebemdt postfix/pickup[4627]: D5F0E803C2: uid=0 from=<root>
Sep  3 00:15:01 arne-vandebemdt postfix/cleanup[9577]: D5F0E803C2: message-id=<20190902221501.D5F0E803C2@arne-vandebemdt.localdomain>
Sep  3 00:15:01 arne-vandebemdt postfix/qmgr[555]: D5F0E803C2: from=<root@arne-vandebemdt.localdomain>, size=694, nrcpt=1 (queue active)
Sep  3 00:15:01 arne-vandebemdt postfix/local[9592]: D5F0E803C2: to=<root@arne-vandebemdt.localdomain>, orig_to=<root>, relay=local, delay=0.1, delays=0.07/0.03/0/0, dsn=2.0.0, status=sent (delivered to mailbox)
Sep  3 00:15:01 arne-vandebemdt postfix/qmgr[555]: D5F0E803C2: removed
Sep  3 00:30:01 arne-vandebemdt postfix/pickup[4627]: D9D25828B5: uid=0 from=<root>
Sep  3 00:30:01 arne-vandebemdt postfix/cleanup[10617]: D9D25828B5: message-id=<20190902223001.D9D25828B5@arne-vandebemdt.localdomain>
Sep  3 00:30:01 arne-vandebemdt postfix/qmgr[555]: D9D25828B5: from=<root@arne-vandebemdt.localdomain>, size=694, nrcpt=1 (queue active)
Sep  3 00:30:01 arne-vandebemdt postfix/local[10656]: D9D25828B5: to=<root@arne-vandebemdt.localdomain>, orig_to=<root>, relay=local, delay=0.09, delays=0.06/0.03/0/0, dsn=2.0.0, status=sent (delivered to mailbox)
Sep  3 00:30:01 arne-vandebemdt postfix/qmgr[555]: D9D25828B5: removed
Sep  3 00:45:01 arne-vandebemdt postfix/pickup[11576]: CB43B803C2: uid=0 from=<root>
Sep  3 00:45:01 arne-vandebemdt postfix/cleanup[11644]: CB43B803C2: message-id=<20190902224501.CB43B803C2@arne-vandebemdt.localdomain>
Sep  3 00:45:01 arne-vandebemdt postfix/qmgr[555]: CB43B803C2: from=<root@arne-vandebemdt.localdomain>, size=694, nrcpt=1 (queue active)
Sep  3 00:45:01 arne-vandebemdt postfix/local[11675]: CB43B803C2: to=<root@arne-vandebemdt.localdomain>, orig_to=<root>, relay=local, delay=0.1, delays=0.07/0.02/0/0.01, dsn=2.0.0, status=sent (delivered to mailbox)
Sep  3 00:45:01 arne-vandebemdt postfix/qmgr[555]: CB43B803C2: removed
Sep  3 01:00:01 arne-vandebemdt postfix/pickup[11576]: A6701803C2: uid=0 from=<root>
Sep  3 01:00:01 arne-vandebemdt postfix/cleanup[12561]: A6701803C2: message-id=<20190902230001.A6701803C2@arne-vandebemdt.localdomain>
Sep  3 01:00:01 arne-vandebemdt postfix/qmgr[555]: A6701803C2: from=<root@arne-vandebemdt.localdomain>, size=694, nrcpt=1 (queue active)
Sep  3 01:00:01 arne-vandebemdt postfix/local[12587]: A6701803C2: to=<root@arne-vandebemdt.localdomain>, orig_to=<root>, relay=local, delay=0.1, delays=0.07/0.03/0/0.01, dsn=2.0.0, status=sent (delivered to mailbox)
Sep  3 01:00:01 arne-vandebemdt postfix/qmgr[555]: A6701803C2: removed
Sep  3 01:15:01 arne-vandebemdt postfix/pickup[11576]: E4A50803C2: uid=0 from=<root>
Sep  3 01:15:01 arne-vandebemdt postfix/cleanup[13624]: E4A50803C2: message-id=<20190902231501.E4A50803C2@arne-vandebemdt.localdomain>
Sep  3 01:15:01 arne-vandebemdt postfix/qmgr[555]: E4A50803C2: from=<root@arne-vandebemdt.localdomain>, size=694, nrcpt=1 (queue active)
Sep  3 01:15:01 arne-vandebemdt postfix/local[13639]: E4A50803C2: to=<root@arne-vandebemdt.localdomain>, orig_to=<root>, relay=local, delay=0.09, delays=0.06/0.02/0/0, dsn=2.0.0, status=sent (delivered to mailbox)
Sep  3 01:15:01 arne-vandebemdt postfix/qmgr[555]: E4A50803C2: removed
Sep  3 01:30:01 arne-vandebemdt postfix/pickup[11576]: C4AD3803C2: uid=0 from=<root>
Sep  3 01:30:01 arne-vandebemdt postfix/cleanup[14546]: C4AD3803C2: message-id=<20190902233001.C4AD3803C2@arne-vandebemdt.localdomain>
Sep  3 01:30:01 arne-vandebemdt postfix/qmgr[555]: C4AD3803C2: from=<root@arne-vandebemdt.localdomain>, size=694, nrcpt=1 (queue active)
Sep  3 01:30:01 arne-vandebemdt postfix/local[14572]: C4AD3803C2: to=<root@arne-vandebemdt.localdomain>, orig_to=<root>, relay=local, delay=0.09, delays=0.05/0.03/0/0, dsn=2.0.0, status=sent (delivered to mailbox)
Sep  3 01:30:01 arne-vandebemdt postfix/qmgr[555]: C4AD3803C2: removed
Sep  3 01:45:01 arne-vandebemdt postfix/pickup[11576]: B2240803C2: uid=0 from=<root>
Sep  3 01:45:01 arne-vandebemdt postfix/cleanup[15514]: B2240803C2: message-id=<20190902234501.B2240803C2@arne-vandebemdt.localdomain>
Sep  3 01:45:01 arne-vandebemdt postfix/qmgr[555]: B2240803C2: from=<root@arne-vandebemdt.localdomain>, size=694, nrcpt=1 (queue active)
Sep  3 01:45:01 arne-vandebemdt postfix/local[15538]: B2240803C2: to=<root@arne-vandebemdt.localdomain>, orig_to=<root>, relay=local, delay=0.1, delays=0.06/0.03/0/0.01, dsn=2.0.0, status=sent (delivered to mailbox)
Sep  3 01:45:01 arne-vandebemdt postfix/qmgr[555]: B2240803C2: removed
Sep  3 02:00:01 arne-vandebemdt postfix/pickup[11576]: C4484803C2: uid=0 from=<root>
Sep  3 02:00:01 arne-vandebemdt postfix/cleanup[16451]: C4484803C2: message-id=<20190903000001.C4484803C2@arne-vandebemdt.localdomain>
Sep  3 02:00:01 arne-vandebemdt postfix/qmgr[555]: C4484803C2: from=<root@arne-vandebemdt.localdomain>, size=694, nrcpt=1 (queue active)
Sep  3 02:00:01 arne-vandebemdt postfix/local[16465]: C4484803C2: to=<root@arne-vandebemdt.localdomain>, orig_to=<root>, relay=local, delay=0.1, delays=0.07/0.02/0/0, dsn=2.0.0, status=sent (delivered to mailbox)
Sep  3 02:00:01 arne-vandebemdt postfix/qmgr[555]: C4484803C2: removed
Sep  3 02:15:01 arne-vandebemdt postfix/pickup[17427]: 194DA803C2: uid=0 from=<root>
Sep  3 02:15:01 arne-vandebemdt postfix/cleanup[17495]: 194DA803C2: message-id=<20190903001501.194DA803C2@arne-vandebemdt.localdomain>
Sep  3 02:15:01 arne-vandebemdt postfix/qmgr[555]: 194DA803C2: from=<root@arne-vandebemdt.localdomain>, size=694, nrcpt=1 (queue active)
Sep  3 02:15:01 arne-vandebemdt postfix/local[17519]: 194DA803C2: to=<root@arne-vandebemdt.localdomain>, orig_to=<root>, relay=local, delay=0.08, delays=0.06/0.02/0/0, dsn=2.0.0, status=sent (delivered to mailbox)
Sep  3 02:15:01 arne-vandebemdt postfix/qmgr[555]: 194DA803C2: removed
Sep  3 02:30:02 arne-vandebemdt postfix/pickup[17427]: 081FB803C2: uid=0 from=<root>
Sep  3 02:30:02 arne-vandebemdt postfix/cleanup[18417]: 081FB803C2: message-id=<20190903003002.081FB803C2@arne-vandebemdt.localdomain>
Sep  3 02:30:02 arne-vandebemdt postfix/qmgr[555]: 081FB803C2: from=<root@arne-vandebemdt.localdomain>, size=694, nrcpt=1 (queue active)
Sep  3 02:30:02 arne-vandebemdt postfix/local[18442]: 081FB803C2: to=<root@arne-vandebemdt.localdomain>, orig_to=<root>, relay=local, delay=0.1, delays=0.07/0.02/0/0.01, dsn=2.0.0, status=sent (delivered to mailbox)
Sep  3 02:30:02 arne-vandebemdt postfix/qmgr[555]: 081FB803C2: removed
Sep  3 02:45:01 arne-vandebemdt postfix/pickup[17427]: EEA92803C2: uid=0 from=<root>
Sep  3 02:45:01 arne-vandebemdt postfix/cleanup[19385]: EEA92803C2: message-id=<20190903004501.EEA92803C2@arne-vandebemdt.localdomain>
Sep  3 02:45:01 arne-vandebemdt postfix/qmgr[555]: EEA92803C2: from=<root@arne-vandebemdt.localdomain>, size=694, nrcpt=1 (queue active)
Sep  3 02:45:02 arne-vandebemdt postfix/local[19397]: EEA92803C2: to=<root@arne-vandebemdt.localdomain>, orig_to=<root>, relay=local, delay=0.08, delays=0.05/0.03/0/0, dsn=2.0.0, status=sent (delivered to mailbox)
Sep  3 02:45:02 arne-vandebemdt postfix/qmgr[555]: EEA92803C2: removed
Sep  3 03:00:01 arne-vandebemdt postfix/pickup[17427]: E5003803C2: uid=0 from=<root>
Sep  3 03:00:01 arne-vandebemdt postfix/cleanup[20329]: E5003803C2: message-id=<20190903010001.E5003803C2@arne-vandebemdt.localdomain>
Sep  3 03:00:01 arne-vandebemdt postfix/qmgr[555]: E5003803C2: from=<root@arne-vandebemdt.localdomain>, size=694, nrcpt=1 (queue active)
Sep  3 03:00:01 arne-vandebemdt postfix/local[20338]: E5003803C2: to=<root@arne-vandebemdt.localdomain>, orig_to=<root>, relay=local, delay=0.09, delays=0.06/0.02/0/0, dsn=2.0.0, status=sent (delivered to mailbox)
Sep  3 03:00:01 arne-vandebemdt postfix/qmgr[555]: E5003803C2: removed
Sep  3 03:15:01 arne-vandebemdt postfix/pickup[17427]: 3A138803C2: uid=0 from=<root>
Sep  3 03:15:01 arne-vandebemdt postfix/cleanup[21368]: 3A138803C2: message-id=<20190903011501.3A138803C2@arne-vandebemdt.localdomain>
Sep  3 03:15:01 arne-vandebemdt postfix/qmgr[555]: 3A138803C2: from=<root@arne-vandebemdt.localdomain>, size=694, nrcpt=1 (queue active)
Sep  3 03:15:01 arne-vandebemdt postfix/local[21400]: 3A138803C2: to=<root@arne-vandebemdt.localdomain>, orig_to=<root>, relay=local, delay=0.09, delays=0.06/0.02/0/0, dsn=2.0.0, status=sent (delivered to mailbox)
Sep  3 03:15:01 arne-vandebemdt postfix/qmgr[555]: 3A138803C2: removed
Sep  3 03:30:02 arne-vandebemdt postfix/pickup[17427]: 15114803C2: uid=0 from=<root>
Sep  3 03:30:02 arne-vandebemdt postfix/cleanup[22289]: 15114803C2: message-id=<20190903013002.15114803C2@arne-vandebemdt.localdomain>
Sep  3 03:30:02 arne-vandebemdt postfix/qmgr[555]: 15114803C2: from=<root@arne-vandebemdt.localdomain>, size=694, nrcpt=1 (queue active)
Sep  3 03:30:02 arne-vandebemdt postfix/local[22316]: 15114803C2: to=<root@arne-vandebemdt.localdomain>, orig_to=<root>, relay=local, delay=0.09, delays=0.06/0.03/0/0, dsn=2.0.0, status=sent (delivered to mailbox)
Sep  3 03:30:02 arne-vandebemdt postfix/qmgr[555]: 15114803C2: removed
Sep  3 03:45:01 arne-vandebemdt postfix/pickup[23190]: ED46F803C2: uid=0 from=<root>
Sep  3 03:45:01 arne-vandebemdt postfix/cleanup[23258]: ED46F803C2: message-id=<20190903014501.ED46F803C2@arne-vandebemdt.localdomain>
Sep  3 03:45:01 arne-vandebemdt postfix/qmgr[555]: ED46F803C2: from=<root@arne-vandebemdt.localdomain>, size=694, nrcpt=1 (queue active)
Sep  3 03:45:02 arne-vandebemdt postfix/local[23290]: ED46F803C2: to=<root@arne-vandebemdt.localdomain>, orig_to=<root>, relay=local, delay=0.08, delays=0.06/0.02/0/0, dsn=2.0.0, status=sent (delivered to mailbox)
Sep  3 03:45:02 arne-vandebemdt postfix/qmgr[555]: ED46F803C2: removed
Sep  3 04:00:01 arne-vandebemdt postfix/pickup[23190]: DE481803C2: uid=0 from=<root>
Sep  3 04:00:01 arne-vandebemdt postfix/cleanup[24175]: DE481803C2: message-id=<20190903020001.DE481803C2@arne-vandebemdt.localdomain>
Sep  3 04:00:01 arne-vandebemdt postfix/qmgr[555]: DE481803C2: from=<root@arne-vandebemdt.localdomain>, size=694, nrcpt=1 (queue active)
Sep  3 04:00:01 arne-vandebemdt postfix/local[24192]: DE481803C2: to=<root@arne-vandebemdt.localdomain>, orig_to=<root>, relay=local, delay=0.09, delays=0.06/0.03/0/0, dsn=2.0.0, status=sent (delivered to mailbox)
Sep  3 04:00:01 arne-vandebemdt postfix/qmgr[555]: DE481803C2: removed
Sep  3 04:15:01 arne-vandebemdt postfix/pickup[23190]: 33846803C2: uid=0 from=<root>
Sep  3 04:15:01 arne-vandebemdt postfix/cleanup[25239]: 33846803C2: message-id=<20190903021501.33846803C2@arne-vandebemdt.localdomain>
Sep  3 04:15:01 arne-vandebemdt postfix/qmgr[555]: 33846803C2: from=<root@arne-vandebemdt.localdomain>, size=694, nrcpt=1 (queue active)
Sep  3 04:15:01 arne-vandebemdt postfix/local[25262]: 33846803C2: to=<root@arne-vandebemdt.localdomain>, orig_to=<root>, relay=local, delay=0.08, delays=0.05/0.03/0/0, dsn=2.0.0, status=sent (delivered to mailbox)
Sep  3 04:15:01 arne-vandebemdt postfix/qmgr[555]: 33846803C2: removed
Sep  3 04:30:01 arne-vandebemdt postfix/pickup[23190]: 3538E803C2: uid=0 from=<root>
Sep  3 04:30:01 arne-vandebemdt postfix/cleanup[26160]: 3538E803C2: message-id=<20190903023001.3538E803C2@arne-vandebemdt.localdomain>
Sep  3 04:30:01 arne-vandebemdt postfix/qmgr[555]: 3538E803C2: from=<root@arne-vandebemdt.localdomain>, size=694, nrcpt=1 (queue active)
Sep  3 04:30:01 arne-vandebemdt postfix/local[26186]: 3538E803C2: to=<root@arne-vandebemdt.localdomain>, orig_to=<root>, relay=local, delay=0.09, delays=0.06/0.02/0/0, dsn=2.0.0, status=sent (delivered to mailbox)
Sep  3 04:30:01 arne-vandebemdt postfix/qmgr[555]: 3538E803C2: removed
Sep  3 04:45:01 arne-vandebemdt postfix/pickup[23190]: 2DBCF803C2: uid=0 from=<root>
Sep  3 04:45:01 arne-vandebemdt postfix/cleanup[27129]: 2DBCF803C2: message-id=<20190903024501.2DBCF803C2@arne-vandebemdt.localdomain>
Sep  3 04:45:01 arne-vandebemdt postfix/qmgr[555]: 2DBCF803C2: from=<root@arne-vandebemdt.localdomain>, size=694, nrcpt=1 (queue active)
Sep  3 04:45:01 arne-vandebemdt postfix/local[27165]: 2DBCF803C2: to=<root@arne-vandebemdt.localdomain>, orig_to=<root>, relay=local, delay=0.07, delays=0.04/0.02/0/0.01, dsn=2.0.0, status=sent (delivered to mailbox)
Sep  3 04:45:01 arne-vandebemdt postfix/qmgr[555]: 2DBCF803C2: removed
Sep  3 05:00:01 arne-vandebemdt postfix/pickup[23190]: 21BE2803C2: uid=0 from=<root>
Sep  3 05:00:01 arne-vandebemdt postfix/cleanup[28046]: 21BE2803C2: message-id=<20190903030001.21BE2803C2@arne-vandebemdt.localdomain>
Sep  3 05:00:01 arne-vandebemdt postfix/qmgr[555]: 21BE2803C2: from=<root@arne-vandebemdt.localdomain>, size=694, nrcpt=1 (queue active)
Sep  3 05:00:01 arne-vandebemdt postfix/local[28072]: 21BE2803C2: to=<root@arne-vandebemdt.localdomain>, orig_to=<root>, relay=local, delay=0.09, delays=0.06/0.02/0/0, dsn=2.0.0, status=sent (delivered to mailbox)
Sep  3 05:00:01 arne-vandebemdt postfix/qmgr[555]: 21BE2803C2: removed
Sep  3 05:15:01 arne-vandebemdt postfix/pickup[29092]: 2FFF5803C2: uid=0 from=<root>
Sep  3 05:15:01 arne-vandebemdt postfix/cleanup[29111]: 2FFF5803C2: message-id=<20190903031501.2FFF5803C2@arne-vandebemdt.localdomain>
Sep  3 05:15:01 arne-vandebemdt postfix/qmgr[555]: 2FFF5803C2: from=<root@arne-vandebemdt.localdomain>, size=694, nrcpt=1 (queue active)
Sep  3 05:15:01 arne-vandebemdt postfix/local[29154]: 2FFF5803C2: to=<root@arne-vandebemdt.localdomain>, orig_to=<root>, relay=local, delay=0.06, delays=0.04/0.02/0/0, dsn=2.0.0, status=sent (delivered to mailbox)
Sep  3 05:15:01 arne-vandebemdt postfix/qmgr[555]: 2FFF5803C2: removed
Sep  3 05:30:01 arne-vandebemdt postfix/pickup[29092]: E4737803C2: uid=0 from=<root>
Sep  3 05:30:01 arne-vandebemdt postfix/cleanup[30031]: E4737803C2: message-id=<20190903033001.E4737803C2@arne-vandebemdt.localdomain>
Sep  3 05:30:01 arne-vandebemdt postfix/qmgr[555]: E4737803C2: from=<root@arne-vandebemdt.localdomain>, size=694, nrcpt=1 (queue active)
Sep  3 05:30:01 arne-vandebemdt postfix/local[30058]: E4737803C2: to=<root@arne-vandebemdt.localdomain>, orig_to=<root>, relay=local, delay=0.1, delays=0.07/0.03/0/0, dsn=2.0.0, status=sent (delivered to mailbox)
Sep  3 05:30:01 arne-vandebemdt postfix/qmgr[555]: E4737803C2: removed
Sep  3 05:45:01 arne-vandebemdt postfix/pickup[29092]: DC4FB803C2: uid=0 from=<root>
Sep  3 05:45:01 arne-vandebemdt postfix/cleanup[31001]: DC4FB803C2: message-id=<20190903034501.DC4FB803C2@arne-vandebemdt.localdomain>
Sep  3 05:45:01 arne-vandebemdt postfix/qmgr[555]: DC4FB803C2: from=<root@arne-vandebemdt.localdomain>, size=694, nrcpt=1 (queue active)
Sep  3 05:45:01 arne-vandebemdt postfix/local[31038]: DC4FB803C2: to=<root@arne-vandebemdt.localdomain>, orig_to=<root>, relay=local, delay=0.06, delays=0.04/0.02/0/0.01, dsn=2.0.0, status=sent (delivered to mailbox)
Sep  3 05:45:01 arne-vandebemdt postfix/qmgr[555]: DC4FB803C2: removed
Sep  3 06:00:01 arne-vandebemdt postfix/pickup[29092]: C03D8803C2: uid=0 from=<root>
Sep  3 06:00:01 arne-vandebemdt postfix/cleanup[31935]: C03D8803C2: message-id=<20190903040001.C03D8803C2@arne-vandebemdt.localdomain>
Sep  3 06:00:01 arne-vandebemdt postfix/qmgr[555]: C03D8803C2: from=<root@arne-vandebemdt.localdomain>, size=694, nrcpt=1 (queue active)
Sep  3 06:00:01 arne-vandebemdt postfix/local[31972]: C03D8803C2: to=<root@arne-vandebemdt.localdomain>, orig_to=<root>, relay=local, delay=0.08, delays=0.06/0.02/0/0, dsn=2.0.0, status=sent (delivered to mailbox)
Sep  3 06:00:01 arne-vandebemdt postfix/qmgr[555]: C03D8803C2: removed
Sep  3 06:15:01 arne-vandebemdt postfix/pickup[29092]: 6FB2280AFF: uid=0 from=<root>
Sep  3 06:15:01 arne-vandebemdt postfix/cleanup[33102]: 6FB2280AFF: message-id=<20190903041501.6FB2280AFF@arne-vandebemdt.localdomain>
Sep  3 06:15:01 arne-vandebemdt postfix/qmgr[555]: 6FB2280AFF: from=<root@arne-vandebemdt.localdomain>, size=694, nrcpt=1 (queue active)
Sep  3 06:15:01 arne-vandebemdt postfix/local[33123]: 6FB2280AFF: to=<root@arne-vandebemdt.localdomain>, orig_to=<root>, relay=local, delay=0.08, delays=0.05/0.02/0/0, dsn=2.0.0, status=sent (delivered to mailbox)
Sep  3 06:15:01 arne-vandebemdt postfix/qmgr[555]: 6FB2280AFF: removed
Sep  3 06:30:01 arne-vandebemdt postfix/pickup[29092]: 71C0180AFF: uid=0 from=<root>
Sep  3 06:30:01 arne-vandebemdt postfix/cleanup[34022]: 71C0180AFF: message-id=<20190903043001.71C0180AFF@arne-vandebemdt.localdomain>
Sep  3 06:30:01 arne-vandebemdt postfix/qmgr[555]: 71C0180AFF: from=<root@arne-vandebemdt.localdomain>, size=694, nrcpt=1 (queue active)
Sep  3 06:30:01 arne-vandebemdt postfix/local[34041]: 71C0180AFF: to=<root@arne-vandebemdt.localdomain>, orig_to=<root>, relay=local, delay=0.08, delays=0.05/0.02/0/0, dsn=2.0.0, status=sent (delivered to mailbox)
Sep  3 06:30:01 arne-vandebemdt postfix/qmgr[555]: 71C0180AFF: removed
Sep  3 06:45:01 arne-vandebemdt postfix/pickup[29092]: 7415D800D9: uid=0 from=<root>
Sep  3 06:45:01 arne-vandebemdt postfix/cleanup[35093]: 7415D800D9: message-id=<20190903044501.7415D800D9@arne-vandebemdt.localdomain>
Sep  3 06:45:01 arne-vandebemdt postfix/qmgr[555]: 7415D800D9: from=<root@arne-vandebemdt.localdomain>, size=694, nrcpt=1 (queue active)
Sep  3 06:45:01 arne-vandebemdt postfix/local[35113]: 7415D800D9: to=<root@arne-vandebemdt.localdomain>, orig_to=<root>, relay=local, delay=0.09, delays=0.06/0.03/0/0, dsn=2.0.0, status=sent (delivered to mailbox)
Sep  3 06:45:01 arne-vandebemdt postfix/qmgr[555]: 7415D800D9: removed
Sep  3 07:00:01 arne-vandebemdt postfix/pickup[35995]: 719A8800D9: uid=0 from=<root>
Sep  3 07:00:01 arne-vandebemdt postfix/cleanup[36013]: 719A8800D9: message-id=<20190903050001.719A8800D9@arne-vandebemdt.localdomain>
Sep  3 07:00:01 arne-vandebemdt postfix/qmgr[555]: 719A8800D9: from=<root@arne-vandebemdt.localdomain>, size=694, nrcpt=1 (queue active)
Sep  3 07:00:01 arne-vandebemdt postfix/local[36033]: 719A8800D9: to=<root@arne-vandebemdt.localdomain>, orig_to=<root>, relay=local, delay=0.09, delays=0.06/0.02/0/0, dsn=2.0.0, status=sent (delivered to mailbox)
Sep  3 07:00:01 arne-vandebemdt postfix/qmgr[555]: 719A8800D9: removed
Sep  3 07:15:01 arne-vandebemdt postfix/pickup[35995]: DAF59800D9: uid=0 from=<root>
Sep  3 07:15:01 arne-vandebemdt postfix/cleanup[37072]: DAF59800D9: message-id=<20190903051501.DAF59800D9@arne-vandebemdt.localdomain>
Sep  3 07:15:01 arne-vandebemdt postfix/qmgr[555]: DAF59800D9: from=<root@arne-vandebemdt.localdomain>, size=694, nrcpt=1 (queue active)
Sep  3 07:15:01 arne-vandebemdt postfix/local[37096]: DAF59800D9: to=<root@arne-vandebemdt.localdomain>, orig_to=<root>, relay=local, delay=0.11, delays=0.07/0.03/0/0.01, dsn=2.0.0, status=sent (delivered to mailbox)
Sep  3 07:15:01 arne-vandebemdt postfix/qmgr[555]: DAF59800D9: removed
Sep  3 07:30:01 arne-vandebemdt postfix/pickup[35995]: CD007800D9: uid=0 from=<root>
Sep  3 07:30:01 arne-vandebemdt postfix/cleanup[37995]: CD007800D9: message-id=<20190903053001.CD007800D9@arne-vandebemdt.localdomain>
Sep  3 07:30:01 arne-vandebemdt postfix/qmgr[555]: CD007800D9: from=<root@arne-vandebemdt.localdomain>, size=694, nrcpt=1 (queue active)
Sep  3 07:30:01 arne-vandebemdt postfix/local[38015]: CD007800D9: to=<root@arne-vandebemdt.localdomain>, orig_to=<root>, relay=local, delay=0.08, delays=0.05/0.03/0/0, dsn=2.0.0, status=sent (delivered to mailbox)
Sep  3 07:30:01 arne-vandebemdt postfix/qmgr[555]: CD007800D9: removed
Sep  3 07:45:01 arne-vandebemdt postfix/pickup[35995]: B10718025C: uid=0 from=<root>
Sep  3 07:45:01 arne-vandebemdt postfix/cleanup[38964]: B10718025C: message-id=<20190903054501.B10718025C@arne-vandebemdt.localdomain>
Sep  3 07:45:01 arne-vandebemdt postfix/qmgr[555]: B10718025C: from=<root@arne-vandebemdt.localdomain>, size=694, nrcpt=1 (queue active)
Sep  3 07:45:01 arne-vandebemdt postfix/local[38983]: B10718025C: to=<root@arne-vandebemdt.localdomain>, orig_to=<root>, relay=local, delay=0.09, delays=0.06/0.03/0/0.01, dsn=2.0.0, status=sent (delivered to mailbox)
Sep  3 07:45:01 arne-vandebemdt postfix/qmgr[555]: B10718025C: removed
Sep  3 08:00:01 arne-vandebemdt postfix/pickup[35995]: 9EC848025C: uid=0 from=<root>
Sep  3 08:00:01 arne-vandebemdt postfix/cleanup[39901]: 9EC848025C: message-id=<20190903060001.9EC848025C@arne-vandebemdt.localdomain>
Sep  3 08:00:01 arne-vandebemdt postfix/qmgr[555]: 9EC848025C: from=<root@arne-vandebemdt.localdomain>, size=694, nrcpt=1 (queue active)
Sep  3 08:00:01 arne-vandebemdt postfix/local[39909]: 9EC848025C: to=<root@arne-vandebemdt.localdomain>, orig_to=<root>, relay=local, delay=0.11, delays=0.08/0.02/0/0, dsn=2.0.0, status=sent (delivered to mailbox)
Sep  3 08:00:01 arne-vandebemdt postfix/qmgr[555]: 9EC848025C: removed
Sep  3 08:15:01 arne-vandebemdt postfix/pickup[35995]: 620958025C: uid=0 from=<root>
Sep  3 08:15:01 arne-vandebemdt postfix/cleanup[40949]: 620958025C: message-id=<20190903061501.620958025C@arne-vandebemdt.localdomain>
Sep  3 08:15:01 arne-vandebemdt postfix/qmgr[555]: 620958025C: from=<root@arne-vandebemdt.localdomain>, size=694, nrcpt=1 (queue active)
Sep  3 08:15:01 arne-vandebemdt postfix/local[40965]: 620958025C: to=<root@arne-vandebemdt.localdomain>, orig_to=<root>, relay=local, delay=0.08, delays=0.05/0.02/0/0, dsn=2.0.0, status=sent (delivered to mailbox)
Sep  3 08:15:01 arne-vandebemdt postfix/qmgr[555]: 620958025C: removed
Sep  3 08:30:01 arne-vandebemdt postfix/pickup[41851]: 6B67C8025C: uid=0 from=<root>
Sep  3 08:30:01 arne-vandebemdt postfix/cleanup[41871]: 6B67C8025C: message-id=<20190903063001.6B67C8025C@arne-vandebemdt.localdomain>
Sep  3 08:30:01 arne-vandebemdt postfix/qmgr[555]: 6B67C8025C: from=<root@arne-vandebemdt.localdomain>, size=694, nrcpt=1 (queue active)
Sep  3 08:30:01 arne-vandebemdt postfix/local[41907]: 6B67C8025C: to=<root@arne-vandebemdt.localdomain>, orig_to=<root>, relay=local, delay=0.1, delays=0.06/0.03/0/0.01, dsn=2.0.0, status=sent (delivered to mailbox)
Sep  3 08:30:01 arne-vandebemdt postfix/qmgr[555]: 6B67C8025C: removed
Sep  3 08:45:01 arne-vandebemdt postfix/pickup[41851]: 61FD48025C: uid=0 from=<root>
Sep  3 08:45:01 arne-vandebemdt postfix/cleanup[42840]: 61FD48025C: message-id=<20190903064501.61FD48025C@arne-vandebemdt.localdomain>
Sep  3 08:45:01 arne-vandebemdt postfix/qmgr[555]: 61FD48025C: from=<root@arne-vandebemdt.localdomain>, size=694, nrcpt=1 (queue active)
Sep  3 08:45:01 arne-vandebemdt postfix/local[42861]: 61FD48025C: to=<root@arne-vandebemdt.localdomain>, orig_to=<root>, relay=local, delay=0.08, delays=0.05/0.02/0/0, dsn=2.0.0, status=sent (delivered to mailbox)
Sep  3 08:45:01 arne-vandebemdt postfix/qmgr[555]: 61FD48025C: removed
Sep  3 09:00:01 arne-vandebemdt postfix/pickup[41851]: 57CA28025C: uid=0 from=<root>
Sep  3 09:00:01 arne-vandebemdt postfix/cleanup[43758]: 57CA28025C: message-id=<20190903070001.57CA28025C@arne-vandebemdt.localdomain>
Sep  3 09:00:01 arne-vandebemdt postfix/qmgr[555]: 57CA28025C: from=<root@arne-vandebemdt.localdomain>, size=694, nrcpt=1 (queue active)
Sep  3 09:00:01 arne-vandebemdt postfix/local[43765]: 57CA28025C: to=<root@arne-vandebemdt.localdomain>, orig_to=<root>, relay=local, delay=0.09, delays=0.06/0.03/0/0, dsn=2.0.0, status=sent (delivered to mailbox)
Sep  3 09:00:01 arne-vandebemdt postfix/qmgr[555]: 57CA28025C: removed
Sep  3 09:15:01 arne-vandebemdt postfix/pickup[41851]: AEAE98025C: uid=0 from=<root>
Sep  3 09:15:01 arne-vandebemdt postfix/cleanup[44821]: AEAE98025C: message-id=<20190903071501.AEAE98025C@arne-vandebemdt.localdomain>
Sep  3 09:15:01 arne-vandebemdt postfix/qmgr[555]: AEAE98025C: from=<root@arne-vandebemdt.localdomain>, size=694, nrcpt=1 (queue active)
Sep  3 09:15:01 arne-vandebemdt postfix/local[44863]: AEAE98025C: to=<root@arne-vandebemdt.localdomain>, orig_to=<root>, relay=local, delay=0.07, delays=0.04/0.02/0/0.01, dsn=2.0.0, status=sent (delivered to mailbox)
Sep  3 09:15:01 arne-vandebemdt postfix/qmgr[555]: AEAE98025C: removed
Sep  3 09:30:01 arne-vandebemdt postfix/pickup[41851]: 9A4A48025C: uid=0 from=<root>
Sep  3 09:30:01 arne-vandebemdt postfix/cleanup[45742]: 9A4A48025C: message-id=<20190903073001.9A4A48025C@arne-vandebemdt.localdomain>
Sep  3 09:30:01 arne-vandebemdt postfix/qmgr[555]: 9A4A48025C: from=<root@arne-vandebemdt.localdomain>, size=694, nrcpt=1 (queue active)
Sep  3 09:30:01 arne-vandebemdt postfix/local[45764]: 9A4A48025C: to=<root@arne-vandebemdt.localdomain>, orig_to=<root>, relay=local, delay=0.09, delays=0.06/0.02/0/0.01, dsn=2.0.0, status=sent (delivered to mailbox)
Sep  3 09:30:01 arne-vandebemdt postfix/qmgr[555]: 9A4A48025C: removed
Sep  3 09:45:01 arne-vandebemdt postfix/pickup[41851]: 8F9C88025C: uid=0 from=<root>
Sep  3 09:45:01 arne-vandebemdt postfix/cleanup[46712]: 8F9C88025C: message-id=<20190903074501.8F9C88025C@arne-vandebemdt.localdomain>
Sep  3 09:45:01 arne-vandebemdt postfix/qmgr[555]: 8F9C88025C: from=<root@arne-vandebemdt.localdomain>, size=694, nrcpt=1 (queue active)
Sep  3 09:45:01 arne-vandebemdt postfix/local[46734]: 8F9C88025C: to=<root@arne-vandebemdt.localdomain>, orig_to=<root>, relay=local, delay=0.09, delays=0.06/0.02/0/0, dsn=2.0.0, status=sent (delivered to mailbox)
Sep  3 09:45:01 arne-vandebemdt postfix/qmgr[555]: 8F9C88025C: removed
Sep  3 10:00:01 arne-vandebemdt postfix/pickup[47614]: 901288025C: uid=0 from=<root>
Sep  3 10:00:01 arne-vandebemdt postfix/cleanup[47646]: 901288025C: message-id=<20190903080001.901288025C@arne-vandebemdt.localdomain>
Sep  3 10:00:01 arne-vandebemdt postfix/qmgr[555]: 901288025C: from=<root@arne-vandebemdt.localdomain>, size=694, nrcpt=1 (queue active)
Sep  3 10:00:01 arne-vandebemdt postfix/local[47653]: 901288025C: to=<root@arne-vandebemdt.localdomain>, orig_to=<root>, relay=local, delay=0.1, delays=0.07/0.03/0/0, dsn=2.0.0, status=sent (delivered to mailbox)
Sep  3 10:00:01 arne-vandebemdt postfix/qmgr[555]: 901288025C: removed
Sep  3 10:15:01 arne-vandebemdt postfix/pickup[47614]: CE29C8025C: uid=0 from=<root>
Sep  3 10:15:01 arne-vandebemdt postfix/cleanup[48695]: CE29C8025C: message-id=<20190903081501.CE29C8025C@arne-vandebemdt.localdomain>
Sep  3 10:15:01 arne-vandebemdt postfix/qmgr[555]: CE29C8025C: from=<root@arne-vandebemdt.localdomain>, size=694, nrcpt=1 (queue active)
Sep  3 10:15:01 arne-vandebemdt postfix/local[48731]: CE29C8025C: to=<root@arne-vandebemdt.localdomain>, orig_to=<root>, relay=local, delay=0.09, delays=0.06/0.03/0/0, dsn=2.0.0, status=sent (delivered to mailbox)
Sep  3 10:15:01 arne-vandebemdt postfix/qmgr[555]: CE29C8025C: removed
Sep  3 10:30:01 arne-vandebemdt postfix/pickup[47614]: B0F3C8025C: uid=0 from=<root>
Sep  3 10:30:01 arne-vandebemdt postfix/cleanup[49615]: B0F3C8025C: message-id=<20190903083001.B0F3C8025C@arne-vandebemdt.localdomain>
Sep  3 10:30:01 arne-vandebemdt postfix/qmgr[555]: B0F3C8025C: from=<root@arne-vandebemdt.localdomain>, size=694, nrcpt=1 (queue active)
Sep  3 10:30:01 arne-vandebemdt postfix/local[49640]: B0F3C8025C: to=<root@arne-vandebemdt.localdomain>, orig_to=<root>, relay=local, delay=0.09, delays=0.07/0.03/0/0, dsn=2.0.0, status=sent (delivered to mailbox)
Sep  3 10:30:01 arne-vandebemdt postfix/qmgr[555]: B0F3C8025C: removed
Sep  3 10:45:01 arne-vandebemdt postfix/pickup[47614]: 9B0438025C: uid=0 from=<root>
Sep  3 10:45:01 arne-vandebemdt postfix/cleanup[50584]: 9B0438025C: message-id=<20190903084501.9B0438025C@arne-vandebemdt.localdomain>
Sep  3 10:45:01 arne-vandebemdt postfix/qmgr[555]: 9B0438025C: from=<root@arne-vandebemdt.localdomain>, size=694, nrcpt=1 (queue active)
Sep  3 10:45:01 arne-vandebemdt postfix/local[50609]: 9B0438025C: to=<root@arne-vandebemdt.localdomain>, orig_to=<root>, relay=local, delay=0.09, delays=0.06/0.03/0/0.01, dsn=2.0.0, status=sent (delivered to mailbox)
Sep  3 10:45:01 arne-vandebemdt postfix/qmgr[555]: 9B0438025C: removed
Sep  3 11:00:01 arne-vandebemdt postfix/pickup[47614]: A25AE80466: uid=0 from=<root>
Sep  3 11:00:01 arne-vandebemdt postfix/cleanup[51865]: A25AE80466: message-id=<20190903090001.A25AE80466@arne-vandebemdt.localdomain>
Sep  3 11:00:01 arne-vandebemdt postfix/qmgr[555]: A25AE80466: from=<root@arne-vandebemdt.localdomain>, size=694, nrcpt=1 (queue active)
Sep  3 11:00:01 arne-vandebemdt postfix/local[51881]: A25AE80466: to=<root@arne-vandebemdt.localdomain>, orig_to=<root>, relay=local, delay=0.14, delays=0.08/0.04/0/0.02, dsn=2.0.0, status=sent (delivered to mailbox)
Sep  3 11:00:01 arne-vandebemdt postfix/qmgr[555]: A25AE80466: removed
Sep  3 11:15:02 arne-vandebemdt postfix/pickup[47614]: 08E0580466: uid=0 from=<root>
Sep  3 11:15:02 arne-vandebemdt postfix/cleanup[52912]: 08E0580466: message-id=<20190903091502.08E0580466@arne-vandebemdt.localdomain>
Sep  3 11:15:02 arne-vandebemdt postfix/qmgr[555]: 08E0580466: from=<root@arne-vandebemdt.localdomain>, size=694, nrcpt=1 (queue active)
Sep  3 11:15:02 arne-vandebemdt postfix/local[52934]: 08E0580466: to=<root@arne-vandebemdt.localdomain>, orig_to=<root>, relay=local, delay=0.08, delays=0.05/0.03/0/0, dsn=2.0.0, status=sent (delivered to mailbox)
Sep  3 11:15:02 arne-vandebemdt postfix/qmgr[555]: 08E0580466: removed
Sep  3 11:30:01 arne-vandebemdt postfix/pickup[53817]: EE93A80466: uid=0 from=<root>
Sep  3 11:30:02 arne-vandebemdt postfix/cleanup[53835]: EE93A80466: message-id=<20190903093001.EE93A80466@arne-vandebemdt.localdomain>
Sep  3 11:30:02 arne-vandebemdt postfix/qmgr[555]: EE93A80466: from=<root@arne-vandebemdt.localdomain>, size=694, nrcpt=1 (queue active)
Sep  3 11:30:02 arne-vandebemdt postfix/local[53855]: EE93A80466: to=<root@arne-vandebemdt.localdomain>, orig_to=<root>, relay=local, delay=0.09, delays=0.06/0.02/0/0, dsn=2.0.0, status=sent (delivered to mailbox)
Sep  3 11:30:02 arne-vandebemdt postfix/qmgr[555]: EE93A80466: removed
Sep  3 11:45:01 arne-vandebemdt postfix/pickup[53817]: DFFAE80466: uid=0 from=<root>
Sep  3 11:45:01 arne-vandebemdt postfix/cleanup[54802]: DFFAE80466: message-id=<20190903094501.DFFAE80466@arne-vandebemdt.localdomain>
Sep  3 11:45:01 arne-vandebemdt postfix/qmgr[555]: DFFAE80466: from=<root@arne-vandebemdt.localdomain>, size=694, nrcpt=1 (queue active)
Sep  3 11:45:01 arne-vandebemdt postfix/local[54829]: DFFAE80466: to=<root@arne-vandebemdt.localdomain>, orig_to=<root>, relay=local, delay=0.1, delays=0.07/0.03/0/0.01, dsn=2.0.0, status=sent (delivered to mailbox)
Sep  3 11:45:01 arne-vandebemdt postfix/qmgr[555]: DFFAE80466: removed
Sep  3 12:00:01 arne-vandebemdt postfix/pickup[53817]: C888B80466: uid=0 from=<root>
Sep  3 12:00:01 arne-vandebemdt postfix/cleanup[55725]: C888B80466: message-id=<20190903100001.C888B80466@arne-vandebemdt.localdomain>
Sep  3 12:00:01 arne-vandebemdt postfix/qmgr[555]: C888B80466: from=<root@arne-vandebemdt.localdomain>, size=694, nrcpt=1 (queue active)
Sep  3 12:00:01 arne-vandebemdt postfix/local[55762]: C888B80466: to=<root@arne-vandebemdt.localdomain>, orig_to=<root>, relay=local, delay=0.07, delays=0.04/0.02/0/0, dsn=2.0.0, status=sent (delivered to mailbox)
Sep  3 12:00:01 arne-vandebemdt postfix/qmgr[555]: C888B80466: removed
Sep  3 12:15:02 arne-vandebemdt postfix/pickup[53817]: 0AB6680466: uid=0 from=<root>
Sep  3 12:15:02 arne-vandebemdt postfix/cleanup[56784]: 0AB6680466: message-id=<20190903101502.0AB6680466@arne-vandebemdt.localdomain>
Sep  3 12:15:02 arne-vandebemdt postfix/qmgr[555]: 0AB6680466: from=<root@arne-vandebemdt.localdomain>, size=694, nrcpt=1 (queue active)
Sep  3 12:15:02 arne-vandebemdt postfix/local[56810]: 0AB6680466: to=<root@arne-vandebemdt.localdomain>, orig_to=<root>, relay=local, delay=0.1, delays=0.06/0.03/0/0.01, dsn=2.0.0, status=sent (delivered to mailbox)
Sep  3 12:15:02 arne-vandebemdt postfix/qmgr[555]: 0AB6680466: removed
Sep  3 12:30:01 arne-vandebemdt postfix/pickup[53817]: D69D280466: uid=0 from=<root>
Sep  3 12:30:01 arne-vandebemdt postfix/cleanup[687]: D69D280466: message-id=<20190903103001.D69D280466@arne-vandebemdt.localdomain>
Sep  3 12:30:01 arne-vandebemdt postfix/qmgr[555]: D69D280466: from=<root@arne-vandebemdt.localdomain>, size=694, nrcpt=1 (queue active)
Sep  3 12:30:01 arne-vandebemdt postfix/local[730]: D69D280466: to=<root@arne-vandebemdt.localdomain>, orig_to=<root>, relay=local, delay=0.08, delays=0.06/0.02/0/0, dsn=2.0.0, status=sent (delivered to mailbox)
Sep  3 12:30:01 arne-vandebemdt postfix/qmgr[555]: D69D280466: removed
Sep  3 12:45:01 arne-vandebemdt postfix/pickup[53817]: A84FD80466: uid=0 from=<root>
Sep  3 12:45:01 arne-vandebemdt postfix/cleanup[1688]: A84FD80466: message-id=<20190903104501.A84FD80466@arne-vandebemdt.localdomain>
Sep  3 12:45:01 arne-vandebemdt postfix/qmgr[555]: A84FD80466: from=<root@arne-vandebemdt.localdomain>, size=694, nrcpt=1 (queue active)
Sep  3 12:45:01 arne-vandebemdt postfix/local[1709]: A84FD80466: to=<root@arne-vandebemdt.localdomain>, orig_to=<root>, relay=local, delay=0.09, delays=0.06/0.02/0/0.01, dsn=2.0.0, status=sent (delivered to mailbox)
Sep  3 12:45:01 arne-vandebemdt postfix/qmgr[555]: A84FD80466: removed
Sep  3 13:00:01 arne-vandebemdt postfix/pickup[53817]: 8B2A280466: uid=0 from=<root>
Sep  3 13:00:01 arne-vandebemdt postfix/cleanup[2606]: 8B2A280466: message-id=<20190903110001.8B2A280466@arne-vandebemdt.localdomain>
Sep  3 13:00:01 arne-vandebemdt postfix/qmgr[555]: 8B2A280466: from=<root@arne-vandebemdt.localdomain>, size=694, nrcpt=1 (queue active)
Sep  3 13:00:01 arne-vandebemdt postfix/local[2629]: 8B2A280466: to=<root@arne-vandebemdt.localdomain>, orig_to=<root>, relay=local, delay=0.13, delays=0.08/0.03/0/0.03, dsn=2.0.0, status=sent (delivered to mailbox)
Sep  3 13:00:01 arne-vandebemdt postfix/qmgr[555]: 8B2A280466: removed
Sep  3 13:15:02 arne-vandebemdt postfix/pickup[3601]: 0CAAC80466: uid=0 from=<root>
Sep  3 13:15:02 arne-vandebemdt postfix/cleanup[3669]: 0CAAC80466: message-id=<20190903111502.0CAAC80466@arne-vandebemdt.localdomain>
Sep  3 13:15:02 arne-vandebemdt postfix/qmgr[555]: 0CAAC80466: from=<root@arne-vandebemdt.localdomain>, size=694, nrcpt=1 (queue active)
Sep  3 13:15:02 arne-vandebemdt postfix/local[3696]: 0CAAC80466: to=<root@arne-vandebemdt.localdomain>, orig_to=<root>, relay=local, delay=0.1, delays=0.06/0.03/0/0.01, dsn=2.0.0, status=sent (delivered to mailbox)
Sep  3 13:15:02 arne-vandebemdt postfix/qmgr[555]: 0CAAC80466: removed
Sep  3 13:30:02 arne-vandebemdt postfix/pickup[3601]: 03B2880B20: uid=0 from=<root>
Sep  3 13:30:02 arne-vandebemdt postfix/cleanup[5125]: 03B2880B20: message-id=<20190903113002.03B2880B20@arne-vandebemdt.localdomain>
Sep  3 13:30:02 arne-vandebemdt postfix/qmgr[555]: 03B2880B20: from=<root@arne-vandebemdt.localdomain>, size=694, nrcpt=1 (queue active)
Sep  3 13:30:02 arne-vandebemdt postfix/local[5138]: 03B2880B20: to=<root@arne-vandebemdt.localdomain>, orig_to=<root>, relay=local, delay=0.1, delays=0.07/0.03/0/0.01, dsn=2.0.0, status=sent (delivered to mailbox)
Sep  3 13:30:02 arne-vandebemdt postfix/qmgr[555]: 03B2880B20: removed
Sep  3 13:45:01 arne-vandebemdt postfix/pickup[3601]: E686580B20: uid=0 from=<root>
Sep  3 13:45:01 arne-vandebemdt postfix/cleanup[6111]: E686580B20: message-id=<20190903114501.E686580B20@arne-vandebemdt.localdomain>
Sep  3 13:45:01 arne-vandebemdt postfix/qmgr[555]: E686580B20: from=<root@arne-vandebemdt.localdomain>, size=694, nrcpt=1 (queue active)
Sep  3 13:45:01 arne-vandebemdt postfix/local[6118]: E686580B20: to=<root@arne-vandebemdt.localdomain>, orig_to=<root>, relay=local, delay=0.09, delays=0.06/0.03/0/0, dsn=2.0.0, status=sent (delivered to mailbox)
Sep  3 13:45:01 arne-vandebemdt postfix/qmgr[555]: E686580B20: removed
Sep  3 14:00:01 arne-vandebemdt postfix/pickup[3601]: D6A5F80B20: uid=0 from=<root>
Sep  3 14:00:01 arne-vandebemdt postfix/cleanup[7055]: D6A5F80B20: message-id=<20190903120001.D6A5F80B20@arne-vandebemdt.localdomain>
Sep  3 14:00:01 arne-vandebemdt postfix/qmgr[555]: D6A5F80B20: from=<root@arne-vandebemdt.localdomain>, size=694, nrcpt=1 (queue active)
Sep  3 14:00:01 arne-vandebemdt postfix/local[7065]: D6A5F80B20: to=<root@arne-vandebemdt.localdomain>, orig_to=<root>, relay=local, delay=0.1, delays=0.06/0.04/0/0, dsn=2.0.0, status=sent (delivered to mailbox)
Sep  3 14:00:01 arne-vandebemdt postfix/qmgr[555]: D6A5F80B20: removed
Sep  3 14:15:01 arne-vandebemdt postfix/pickup[3601]: 2D6E780B20: uid=0 from=<root>
Sep  3 14:15:01 arne-vandebemdt postfix/cleanup[8092]: 2D6E780B20: message-id=<20190903121501.2D6E780B20@arne-vandebemdt.localdomain>
Sep  3 14:15:01 arne-vandebemdt postfix/qmgr[555]: 2D6E780B20: from=<root@arne-vandebemdt.localdomain>, size=694, nrcpt=1 (queue active)
Sep  3 14:15:01 arne-vandebemdt postfix/local[8106]: 2D6E780B20: to=<root@arne-vandebemdt.localdomain>, orig_to=<root>, relay=local, delay=0.1, delays=0.06/0.02/0/0.01, dsn=2.0.0, status=sent (delivered to mailbox)
Sep  3 14:15:01 arne-vandebemdt postfix/qmgr[555]: 2D6E780B20: removed
