2019-09-01 06:10:52,964 INFO Initial blacklisted packages: 
2019-09-01 06:10:52,964 INFO Initial whitelisted packages: 
2019-09-01 06:10:52,964 INFO Starting unattended upgrades script
2019-09-01 06:10:52,965 INFO Allowed origins are: ['origin=Debian,codename=stretch,label=Debian-Security']
2019-09-01 06:10:59,836 INFO Packages that will be upgraded: pdns-backend-mysql
2019-09-01 06:10:59,836 INFO Writing dpkg log to '/var/log/unattended-upgrades/unattended-upgrades-dpkg.log'
2019-09-01 06:10:59,871 INFO All upgrades installed
2019-09-02 06:41:52,946 INFO Initial blacklisted packages: 
2019-09-02 06:41:52,947 INFO Initial whitelisted packages: 
2019-09-02 06:41:52,947 INFO Starting unattended upgrades script
2019-09-02 06:41:52,947 INFO Allowed origins are: ['origin=Debian,codename=stretch,label=Debian-Security']
2019-09-02 06:41:59,792 INFO Packages that will be upgraded: pdns-backend-mysql
2019-09-02 06:41:59,792 INFO Writing dpkg log to '/var/log/unattended-upgrades/unattended-upgrades-dpkg.log'
2019-09-02 06:41:59,829 INFO All upgrades installed
2019-09-03 06:39:22,348 INFO Initial blacklisted packages: 
2019-09-03 06:39:22,348 INFO Initial whitelisted packages: 
2019-09-03 06:39:22,348 INFO Starting unattended upgrades script
2019-09-03 06:39:22,349 INFO Allowed origins are: ['origin=Debian,codename=stretch,label=Debian-Security']
2019-09-03 06:39:30,874 INFO Packages that will be upgraded: libnghttp2-14 pdns-backend-mysql
2019-09-03 06:39:30,874 INFO Writing dpkg log to '/var/log/unattended-upgrades/unattended-upgrades-dpkg.log'
2019-09-03 06:39:31,947 INFO All upgrades installed
